{"api":"NODE SERVER","label":"Uygulama V1","level":"\u001b[32minfo\u001b[39m","message":"Connected to MongoDB","timestamp":"2022-06-08T12:55:49.882Z"}
{"api":"NODE SERVER","label":"Uygulama V1","level":"\u001b[32minfo\u001b[39m","message":"Connected to MongoDB","timestamp":"2022-06-08T12:57:48.338Z"}
{"api":"NODE SERVER","label":"Uygulama V1","level":"\u001b[32minfo\u001b[39m","message":"Connected to MongoDB","timestamp":"2022-06-08T12:58:18.784Z"}
{"api":"NODE SERVER","label":"Uygulama V1","level":"\u001b[32minfo\u001b[39m","message":"Connected to MongoDB","timestamp":"2022-06-08T12:59:32.750Z"}
{"api":"NODE SERVER","label":"Uygulama V1","level":"\u001b[32minfo\u001b[39m","message":"Connected to MongoDB","timestamp":"2022-06-08T13:00:26.721Z"}
{"api":"NODE SERVER","label":"Uygulama V1","level":"\u001b[32minfo\u001b[39m","message":"Connected to MongoDB","timestamp":"2022-06-08T13:00:54.142Z"}
{"api":"NODE SERVER","label":"Uygulama V1","level":"\u001b[32minfo\u001b[39m","message":"Connected to MongoDB","timestamp":"2022-06-08T13:01:23.909Z"}
{"api":"NODE SERVER","label":"Uygulama V1","level":"\u001b[32minfo\u001b[39m","message":"Connected to MongoDB","timestamp":"2022-06-08T13:01:51.135Z"}
{"api":"NODE SERVER","label":"Uygulama V1","level":"\u001b[32minfo\u001b[39m","message":"Connected to MongoDB","timestamp":"2022-06-08T13:02:04.111Z"}
{"api":"NODE SERVER","label":"Uygulama V1","level":"\u001b[32minfo\u001b[39m","message":"Connected to MongoDB","timestamp":"2022-06-08T13:03:09.767Z"}
{"api":"NODE SERVER","label":"Uygulama V1","level":"\u001b[32minfo\u001b[39m","message":"IP Adresi : ::1 - PATH :\n     /api/v1/common/allCountry - BODY : {\"name\":\"abc@mail.com\"} -\n     PARAMS : {}  - \n     QUERY : {} - MIDDLEWARE ACCESS TIME : 1654693396814 - URL :/api/v1/common/allCountry\n     ","timestamp":"2022-06-08T13:03:16.814Z"}
{"api":"NODE SERVER","label":"Uygulama V1","level":"\u001b[32minfo\u001b[39m","message":"Connected to MongoDB","timestamp":"2022-06-08T13:03:29.954Z"}
{"api":"NODE SERVER","label":"Uygulama V1","level":"\u001b[32minfo\u001b[39m","message":"IP Adresi : ::1 - PATH :\n     /api/v1/common/allCountry - BODY : {\"name\":\"abc@mail.com\"} -\n     PARAMS : {}  - \n     QUERY : {} - MIDDLEWARE ACCESS TIME : 1654693414600 - URL :/api/v1/common/allCountry\n     ","timestamp":"2022-06-08T13:03:34.600Z"}
{"api":"NODE SERVER","label":"Uygulama V1","level":"\u001b[32minfo\u001b[39m","message":"Connected to MongoDB","timestamp":"2022-06-08T13:03:40.969Z"}
{"api":"NODE SERVER","label":"Uygulama V1","level":"\u001b[32minfo\u001b[39m","message":"IP Adresi : ::1 - PATH :\n     /api/v1/common/allCountry - BODY : {\"name\":\"abc@mail.com\"} -\n     PARAMS : {}  - \n     QUERY : {} - MIDDLEWARE ACCESS TIME : 1654693423348 - URL :/api/v1/common/allCountry\n     ","timestamp":"2022-06-08T13:03:43.348Z"}
{"api":"NODE SERVER","label":"Uygulama V1","level":"\u001b[32minfo\u001b[39m","message":"Connected to MongoDB","timestamp":"2022-06-08T13:03:54.305Z"}
{"api":"NODE SERVER","label":"Uygulama V1","level":"\u001b[32minfo\u001b[39m","message":"Connected to MongoDB","timestamp":"2022-06-08T13:03:56.291Z"}
{"api":"NODE SERVER","label":"Uygulama V1","level":"\u001b[32minfo\u001b[39m","message":"Connected to MongoDB","timestamp":"2022-06-08T13:05:16.985Z"}
{"api":"NODE SERVER","label":"Uygulama V1","level":"\u001b[32minfo\u001b[39m","message":"Connected to MongoDB","timestamp":"2022-06-08T13:05:22.032Z"}
{"api":"NODE SERVER","label":"Uygulama V1","level":"\u001b[32minfo\u001b[39m","message":"IP Adresi : ::1 - PATH :\n     /api/v1/common/allCountry - BODY : {\"name\":\"abc@mail.com\"} -\n     PARAMS : {}  - \n     QUERY : {} - MIDDLEWARE ACCESS TIME : 1654693523587 - URL :/api/v1/common/allCountry\n     ","timestamp":"2022-06-08T13:05:23.587Z"}
{"api":"NODE SERVER","label":"Uygulama V1","level":"\u001b[32minfo\u001b[39m","message":"Connected to MongoDB","timestamp":"2022-06-08T13:05:27.757Z"}
{"api":"NODE SERVER","label":"Uygulama V1","level":"\u001b[32minfo\u001b[39m","message":"IP Adresi : ::1 - PATH :\n     /api/v1/common/allCountry - BODY : {\"name\":\"abc@mail.com\"} -\n     PARAMS : {}  - \n     QUERY : {} - MIDDLEWARE ACCESS TIME : 1654693530225 - URL :/api/v1/common/allCountry\n     ","timestamp":"2022-06-08T13:05:30.225Z"}
{"api":"NODE SERVER","label":"Uygulama V1","level":"\u001b[32minfo\u001b[39m","message":"IP Adresi : ::1 - PATH :\n     /api/v1/common/allCountry - BODY : {\"name\":\"abc@mail.com\"} -\n     PARAMS : {}  - \n     QUERY : {} - MIDDLEWARE ACCESS TIME : 1654693531455 - URL :/api/v1/common/allCountry\n     ","timestamp":"2022-06-08T13:05:31.455Z"}
{"api":"NODE SERVER","label":"Uygulama V1","level":"\u001b[32minfo\u001b[39m","message":"Connected to MongoDB","timestamp":"2022-06-08T13:05:34.195Z"}
{"api":"NODE SERVER","label":"Uygulama V1","level":"\u001b[32minfo\u001b[39m","message":"IP Adresi : ::1 - PATH :\n     /api/v1/common/allCountry - BODY : {\"name\":\"abc@mail.com\"} -\n     PARAMS : {}  - \n     QUERY : {} - MIDDLEWARE ACCESS TIME : 1654693535829 - URL :/api/v1/common/allCountry\n     ","timestamp":"2022-06-08T13:05:35.829Z"}
{"api":"NODE SERVER","label":"Uygulama V1","level":"\u001b[32minfo\u001b[39m","message":"Connected to MongoDB","timestamp":"2022-06-08T13:05:45.653Z"}
{"api":"NODE SERVER","label":"Uygulama V1","level":"\u001b[32minfo\u001b[39m","message":"Connected to MongoDB","timestamp":"2022-06-08T13:06:19.723Z"}
{"api":"NODE SERVER","label":"Uygulama V1","level":"\u001b[32minfo\u001b[39m","message":"Connected to MongoDB","timestamp":"2022-06-08T13:07:20.081Z"}
{"api":"NODE SERVER","label":"Uygulama V1","level":"\u001b[32minfo\u001b[39m","message":"Connected to MongoDB","timestamp":"2022-06-08T13:07:33.189Z"}
{"api":"NODE SERVER","label":"Uygulama V1","level":"\u001b[32minfo\u001b[39m","message":"Connected to MongoDB","timestamp":"2022-06-08T13:08:02.481Z"}
{"api":"NODE SERVER","label":"Uygulama V1","level":"\u001b[32minfo\u001b[39m","message":"Connected to MongoDB","timestamp":"2022-06-08T13:08:09.418Z"}
{"api":"NODE SERVER","label":"Uygulama V1","level":"\u001b[32minfo\u001b[39m","message":"IP Adresi : ::1 - PATH :\n     /api/v1/common/allCountry - BODY : {\"name\":\"abc@mail.com\"} -\n     PARAMS : {}  - \n     QUERY : {} - MIDDLEWARE ACCESS TIME : 1654693694685 - URL :/api/v1/common/allCountry\n     ","timestamp":"2022-06-08T13:08:14.685Z"}
{"api":"NODE SERVER","label":"Uygulama V1","level":"\u001b[31merror\u001b[39m","message":"IP Adresi : ::1 - PATH :\n        /allCountry - BODY : {\"name\":\"abc@mail.com\"} -\n        PARAMS : {}  - \n        QUERY : {} - ERROR  TIME : 1654693694686 - URL :/allCountry - ERROR MESSAGE : TypeError: Cannot set properties of undefined (setting 'test')\n        ERROR CALLSTACK : {}\n        ","timestamp":"2022-06-08T13:08:14.686Z"}
{"api":"NODE SERVER","label":"Uygulama V1","level":"\u001b[32minfo\u001b[39m","message":"Connected to MongoDB","timestamp":"2022-06-08T13:08:47.227Z"}
{"api":"NODE SERVER","label":"Uygulama V1","level":"\u001b[32minfo\u001b[39m","message":"Connected to MongoDB","timestamp":"2022-06-08T13:08:48.401Z"}
{"api":"NODE SERVER","label":"Uygulama V1","level":"\u001b[32minfo\u001b[39m","message":"Connected to MongoDB","timestamp":"2022-06-08T13:08:53.985Z"}
{"api":"NODE SERVER","label":"Uygulama V1","level":"\u001b[32minfo\u001b[39m","message":"Connected to MongoDB","timestamp":"2022-06-08T13:09:17.826Z"}
{"api":"NODE SERVER","label":"Uygulama V1","level":"\u001b[32minfo\u001b[39m","message":"Connected to MongoDB","timestamp":"2022-06-08T13:39:01.449Z"}
{"api":"NODE SERVER","label":"Uygulama V1","level":"\u001b[32minfo\u001b[39m","message":"Connected to MongoDB","timestamp":"2022-06-08T13:39:35.546Z"}
{"api":"NODE SERVER","label":"Uygulama V1","level":"\u001b[32minfo\u001b[39m","message":"Connected to MongoDB","timestamp":"2022-06-08T13:41:04.932Z"}
{"api":"NODE SERVER","label":"Uygulama V1","level":"\u001b[32minfo\u001b[39m","message":"Connected to MongoDB","timestamp":"2022-06-08T13:41:51.360Z"}
{"api":"NODE SERVER","label":"Uygulama V1","level":"\u001b[32minfo\u001b[39m","message":"Connected to MongoDB","timestamp":"2022-06-08T13:41:54.935Z"}
{"api":"NODE SERVER","label":"Uygulama V1","level":"\u001b[32minfo\u001b[39m","message":"Connected to MongoDB","timestamp":"2022-06-08T13:42:29.890Z"}
{"api":"NODE SERVER","label":"Uygulama V1","level":"\u001b[32minfo\u001b[39m","message":"Connected to MongoDB","timestamp":"2022-06-08T13:42:36.941Z"}
{"api":"NODE SERVER","label":"Uygulama V1","level":"\u001b[32minfo\u001b[39m","message":"Connected to MongoDB","timestamp":"2022-06-08T13:42:53.386Z"}
{"api":"NODE SERVER","label":"Uygulama V1","level":"\u001b[32minfo\u001b[39m","message":"IP Adresi : ::1 - PATH :\n     /api/v1/common/cityById/1 - BODY : {\"name\":\"abc@mail.com\"} -\n     PARAMS : {}  - \n     QUERY : {} - MIDDLEWARE ACCESS TIME : 1654695779442 - URL :/api/v1/common/cityById/1\n     ","timestamp":"2022-06-08T13:42:59.442Z"}
{"api":"NODE SERVER","label":"Uygulama V1","level":"\u001b[32minfo\u001b[39m","message":"Connected to MongoDB","timestamp":"2022-06-08T13:43:17.969Z"}
{"api":"NODE SERVER","label":"Uygulama V1","level":"\u001b[32minfo\u001b[39m","message":"Connected to MongoDB","timestamp":"2022-06-08T13:43:28.691Z"}
{"api":"NODE SERVER","label":"Uygulama V1","level":"\u001b[32minfo\u001b[39m","message":"IP Adresi : ::1 - PATH :\n     /api/v1/common/cityById/ - BODY : {\"name\":\"abc@mail.com\"} -\n     PARAMS : {}  - \n     QUERY : {} - MIDDLEWARE ACCESS TIME : 1654695811191 - URL :/api/v1/common/cityById/\n     ","timestamp":"2022-06-08T13:43:31.191Z"}
{"api":"NODE SERVER","label":"Uygulama V1","level":"\u001b[32minfo\u001b[39m","message":"IP Adresi : ::1 - PATH :\n     /api/v1/common/cityById/%20 - BODY : {\"name\":\"abc@mail.com\"} -\n     PARAMS : {}  - \n     QUERY : {} - MIDDLEWARE ACCESS TIME : 1654695814514 - URL :/api/v1/common/cityById/%20\n     ","timestamp":"2022-06-08T13:43:34.514Z"}
{"api":"NODE SERVER","label":"Uygulama V1","level":"\u001b[32minfo\u001b[39m","message":"Connected to MongoDB","timestamp":"2022-06-08T13:43:44.816Z"}
{"api":"NODE SERVER","label":"Uygulama V1","level":"\u001b[32minfo\u001b[39m","message":"Connected to MongoDB","timestamp":"2022-06-08T13:43:50.715Z"}
{"api":"NODE SERVER","label":"Uygulama V1","level":"\u001b[32minfo\u001b[39m","message":"IP Adresi : ::1 - PATH :\n     /api/v1/common/cityById/%20 - BODY : {\"name\":\"abc@mail.com\"} -\n     PARAMS : {}  - \n     QUERY : {} - MIDDLEWARE ACCESS TIME : 1654695832571 - URL :/api/v1/common/cityById/%20\n     ","timestamp":"2022-06-08T13:43:52.571Z"}
{"api":"NODE SERVER","label":"Uygulama V1","level":"\u001b[32minfo\u001b[39m","message":"IP Adresi : ::1 - PATH :\n     /api/v1/common/cityById/1 - BODY : {\"name\":\"abc@mail.com\"} -\n     PARAMS : {}  - \n     QUERY : {} - MIDDLEWARE ACCESS TIME : 1654695841742 - URL :/api/v1/common/cityById/1\n     ","timestamp":"2022-06-08T13:44:01.742Z"}
{"api":"NODE SERVER","label":"Uygulama V1","level":"\u001b[32minfo\u001b[39m","message":"Connected to MongoDB","timestamp":"2022-06-08T13:44:43.421Z"}
{"api":"NODE SERVER","label":"Uygulama V1","level":"\u001b[32minfo\u001b[39m","message":"Connected to MongoDB","timestamp":"2022-06-08T13:45:09.730Z"}
{"api":"NODE SERVER","label":"Uygulama V1","level":"\u001b[32minfo\u001b[39m","message":"IP Adresi : ::1 - PATH :\n     /api/v1/common/cityById/123223 - BODY : {\"name\":\"abc@mail.com\"} -\n     PARAMS : {}  - \n     QUERY : {} - MIDDLEWARE ACCESS TIME : 1654695915822 - URL :/api/v1/common/cityById/123223\n     ","timestamp":"2022-06-08T13:45:15.822Z"}
{"api":"NODE SERVER","label":"Uygulama V1","level":"\u001b[32minfo\u001b[39m","message":"Connected to MongoDB","timestamp":"2022-06-08T13:45:39.322Z"}
{"api":"NODE SERVER","label":"Uygulama V1","level":"\u001b[32minfo\u001b[39m","message":"IP Adresi : ::1 - PATH :\n     /api/v1/common/cityById/123223 - BODY : {\"name\":\"abc@mail.com\"} -\n     PARAMS : {}  - \n     QUERY : {} - MIDDLEWARE ACCESS TIME : 1654695940619 - URL :/api/v1/common/cityById/123223\n     ","timestamp":"2022-06-08T13:45:40.619Z"}
{"api":"NODE SERVER","label":"Uygulama V1","level":"\u001b[32minfo\u001b[39m","message":"Connected to MongoDB","timestamp":"2022-06-08T13:46:02.055Z"}
{"api":"NODE SERVER","label":"Uygulama V1","level":"\u001b[32minfo\u001b[39m","message":"Connected to MongoDB","timestamp":"2022-06-08T13:46:04.658Z"}
{"api":"NODE SERVER","label":"Uygulama V1","level":"\u001b[32minfo\u001b[39m","message":"Connected to MongoDB","timestamp":"2022-06-08T13:46:26.541Z"}
{"api":"NODE SERVER","label":"Uygulama V1","level":"\u001b[32minfo\u001b[39m","message":"IP Adresi : ::1 - PATH :\n     /api/v1/common/cityById/123223 - BODY : {\"name\":\"abc@mail.com\"} -\n     PARAMS : {}  - \n     QUERY : {} - MIDDLEWARE ACCESS TIME : 1654695988425 - URL :/api/v1/common/cityById/123223\n     ","timestamp":"2022-06-08T13:46:28.425Z"}
{"api":"NODE SERVER","label":"Uygulama V1","level":"\u001b[32minfo\u001b[39m","message":"Connected to MongoDB","timestamp":"2022-06-08T13:46:39.759Z"}
{"api":"NODE SERVER","label":"Uygulama V1","level":"\u001b[32minfo\u001b[39m","message":"IP Adresi : ::1 - PATH :\n     /api/v1/common/cityById/123223 - BODY : {\"name\":\"abc@mail.com\"} -\n     PARAMS : {}  - \n     QUERY : {} - MIDDLEWARE ACCESS TIME : 1654696001483 - URL :/api/v1/common/cityById/123223\n     ","timestamp":"2022-06-08T13:46:41.483Z"}
{"api":"NODE SERVER","label":"Uygulama V1","level":"\u001b[32minfo\u001b[39m","message":"Connected to MongoDB","timestamp":"2022-06-08T13:46:52.637Z"}
