{"api":"NODE SERVER","label":"Uygulama V1","level":"\u001b[32minfo\u001b[39m","message":"Connected to MongoDB","timestamp":"2022-06-09T12:34:42.932Z"}
{"api":"NODE SERVER","label":"Uygulama V1","level":"\u001b[32minfo\u001b[39m","message":"IP Adresi : ::1 - PATH :\n     /api/v1/common/cityById/123223 - BODY : {\"name\":\"abc@mail.com\"} -\n     PARAMS : {}  - \n     QUERY : {} - MIDDLEWARE ACCESS TIME : 1654778089805 - URL :/api/v1/common/cityById/123223\n     ","timestamp":"2022-06-09T12:34:49.805Z"}
{"api":"NODE SERVER","label":"Uygulama V1","level":"\u001b[32minfo\u001b[39m","message":"Connected to MongoDB","timestamp":"2022-06-09T12:35:50.606Z"}
{"api":"NODE SERVER","label":"Uygulama V1","level":"\u001b[32minfo\u001b[39m","message":"Connected to MongoDB","timestamp":"2022-06-09T12:36:49.334Z"}
{"api":"NODE SERVER","label":"Uygulama V1","level":"\u001b[32minfo\u001b[39m","message":"Connected to MongoDB","timestamp":"2022-06-09T12:37:15.584Z"}
{"api":"NODE SERVER","label":"Uygulama V1","level":"\u001b[32minfo\u001b[39m","message":"Connected to MongoDB","timestamp":"2022-06-09T12:38:03.548Z"}
{"api":"NODE SERVER","label":"Uygulama V1","level":"\u001b[32minfo\u001b[39m","message":"Connected to MongoDB","timestamp":"2022-06-09T12:38:19.692Z"}
{"api":"NODE SERVER","label":"Uygulama V1","level":"\u001b[32minfo\u001b[39m","message":"Connected to MongoDB","timestamp":"2022-06-09T12:38:33.958Z"}
{"api":"NODE SERVER","label":"Uygulama V1","level":"\u001b[32minfo\u001b[39m","message":"Connected to MongoDB","timestamp":"2022-06-09T12:38:55.330Z"}
{"api":"NODE SERVER","label":"Uygulama V1","level":"\u001b[32minfo\u001b[39m","message":"Connected to MongoDB","timestamp":"2022-06-09T12:39:00.307Z"}
{"api":"NODE SERVER","label":"Uygulama V1","level":"\u001b[32minfo\u001b[39m","message":"Connected to MongoDB","timestamp":"2022-06-09T12:39:28.664Z"}
{"api":"NODE SERVER","label":"Uygulama V1","level":"\u001b[32minfo\u001b[39m","message":"Connected to MongoDB","timestamp":"2022-06-09T12:40:22.419Z"}
{"api":"NODE SERVER","label":"Uygulama V1","level":"\u001b[32minfo\u001b[39m","message":"IP Adresi : ::1 - PATH :\n     /api/v1/common/cityById/123223 - BODY : {\"name\":\"abc@mail.com\"} -\n     PARAMS : {}  - \n     QUERY : {} - MIDDLEWARE ACCESS TIME : 1654778430075 - URL :/api/v1/common/cityById/123223\n     ","timestamp":"2022-06-09T12:40:30.075Z"}
{"api":"NODE SERVER","label":"Uygulama V1","level":"\u001b[31merror\u001b[39m","message":"IP Adresi : ::1 - PATH :\n        /cityById/123223 - BODY : {\"name\":\"abc@mail.com\"} -\n        PARAMS : {\"countryId\":\"123223\"}  - \n        QUERY : {} - ERROR  TIME : 1654778430086 - URL :/cityById/123223 - ERROR MESSAGE : Cannot set headers after they are sent to the client\n        ERROR CALLSTACK : {\"code\":\"ERR_HTTP_HEADERS_SENT\"}\n        ","timestamp":"2022-06-09T12:40:30.086Z"}
{"api":"NODE SERVER","label":"Uygulama V1","level":"\u001b[32minfo\u001b[39m","message":"Connected to MongoDB","timestamp":"2022-06-09T12:40:44.613Z"}
{"api":"NODE SERVER","label":"Uygulama V1","level":"\u001b[32minfo\u001b[39m","message":"Connected to MongoDB","timestamp":"2022-06-09T12:40:55.142Z"}
{"api":"NODE SERVER","label":"Uygulama V1","level":"\u001b[32minfo\u001b[39m","message":"Connected to MongoDB","timestamp":"2022-06-09T12:40:59.348Z"}
{"api":"NODE SERVER","label":"Uygulama V1","level":"\u001b[32minfo\u001b[39m","message":"Connected to MongoDB","timestamp":"2022-06-09T12:41:38.655Z"}
{"api":"NODE SERVER","label":"Uygulama V1","level":"\u001b[32minfo\u001b[39m","message":"Connected to MongoDB","timestamp":"2022-06-09T12:41:39.638Z"}
{"api":"NODE SERVER","label":"Uygulama V1","level":"\u001b[32minfo\u001b[39m","message":"Connected to MongoDB","timestamp":"2022-06-09T12:41:46.134Z"}
{"api":"NODE SERVER","label":"Uygulama V1","level":"\u001b[32minfo\u001b[39m","message":"IP Adresi : ::1 - PATH :\n     /api/v1/common/cityById/123223 - BODY : {\"name\":\"abc@mail.com\"} -\n     PARAMS : {}  - \n     QUERY : {} - MIDDLEWARE ACCESS TIME : 1654778507169 - URL :/api/v1/common/cityById/123223\n     ","timestamp":"2022-06-09T12:41:47.169Z"}
{"api":"NODE SERVER","label":"Uygulama V1","level":"\u001b[31merror\u001b[39m","message":"IP Adresi : ::1 - PATH :\n        /cityById/123223 - BODY : {\"name\":\"abc@mail.com\"} -\n        PARAMS : {\"countryId\":\"123223\"}  - \n        QUERY : {} - ERROR  TIME : 1654778507180 - URL :/cityById/123223 - ERROR MESSAGE : Cannot set headers after they are sent to the client\n        ERROR CALLSTACK : {\"code\":\"ERR_HTTP_HEADERS_SENT\"}\n        ","timestamp":"2022-06-09T12:41:47.180Z"}
{"api":"NODE SERVER","label":"Uygulama V1","level":"\u001b[32minfo\u001b[39m","message":"IP Adresi : ::1 - PATH :\n     /api/v1/common/cityById/223 - BODY : {\"name\":\"abc@mail.com\"} -\n     PARAMS : {}  - \n     QUERY : {} - MIDDLEWARE ACCESS TIME : 1654778514200 - URL :/api/v1/common/cityById/223\n     ","timestamp":"2022-06-09T12:41:54.200Z"}
{"api":"NODE SERVER","label":"Uygulama V1","level":"\u001b[31merror\u001b[39m","message":"IP Adresi : ::1 - PATH :\n        /cityById/223 - BODY : {\"name\":\"abc@mail.com\"} -\n        PARAMS : {\"countryId\":\"223\"}  - \n        QUERY : {} - ERROR  TIME : 1654778514201 - URL :/cityById/223 - ERROR MESSAGE : Cannot set headers after they are sent to the client\n        ERROR CALLSTACK : {\"code\":\"ERR_HTTP_HEADERS_SENT\"}\n        ","timestamp":"2022-06-09T12:41:54.201Z"}
{"api":"NODE SERVER","label":"Uygulama V1","level":"\u001b[32minfo\u001b[39m","message":"Connected to MongoDB","timestamp":"2022-06-09T12:42:12.703Z"}
{"api":"NODE SERVER","label":"Uygulama V1","level":"\u001b[32minfo\u001b[39m","message":"Connected to MongoDB","timestamp":"2022-06-09T13:04:13.927Z"}
{"api":"NODE SERVER","label":"Uygulama V1","level":"\u001b[32minfo\u001b[39m","message":"IP Adresi : ::1 - PATH :\n     /api/v1/common/cityById/ - BODY : {\"name\":\"abc@mail.com\"} -\n     PARAMS : {}  - \n     QUERY : {} - MIDDLEWARE ACCESS TIME : 1654780005686 - URL :/api/v1/common/cityById/\n     ","timestamp":"2022-06-09T13:06:45.687Z"}
{"api":"NODE SERVER","label":"Uygulama V1","level":"\u001b[32minfo\u001b[39m","message":"IP Adresi : ::1 - PATH :\n     /api/v1/common/cityById/223 - BODY : {\"name\":\"abc@mail.com\"} -\n     PARAMS : {}  - \n     QUERY : {} - MIDDLEWARE ACCESS TIME : 1654780008604 - URL :/api/v1/common/cityById/223\n     ","timestamp":"2022-06-09T13:06:48.604Z"}
{"api":"NODE SERVER","label":"Uygulama V1","level":"\u001b[31merror\u001b[39m","message":"IP Adresi : ::1 - PATH :\n        /cityById/223 - BODY : {\"name\":\"abc@mail.com\"} -\n        PARAMS : {\"countryId\":\"223\"}  - \n        QUERY : {} - ERROR  TIME : 1654780008615 - URL :/cityById/223 - ERROR MESSAGE : Cannot set headers after they are sent to the client\n        ERROR CALLSTACK : {\"code\":\"ERR_HTTP_HEADERS_SENT\"}\n        ","timestamp":"2022-06-09T13:06:48.615Z"}
{"api":"NODE SERVER","label":"Uygulama V1","level":"\u001b[32minfo\u001b[39m","message":"Connected to MongoDB","timestamp":"2022-06-09T13:09:55.240Z"}
{"api":"NODE SERVER","label":"Uygulama V1","level":"\u001b[32minfo\u001b[39m","message":"Connected to MongoDB","timestamp":"2022-06-09T13:10:26.240Z"}
{"api":"NODE SERVER","label":"Uygulama V1","level":"\u001b[32minfo\u001b[39m","message":"Connected to MongoDB","timestamp":"2022-06-09T13:10:47.611Z"}
{"api":"NODE SERVER","label":"Uygulama V1","level":"\u001b[32minfo\u001b[39m","message":"Connected to MongoDB","timestamp":"2022-06-09T13:10:54.447Z"}
{"api":"NODE SERVER","label":"Uygulama V1","level":"\u001b[32minfo\u001b[39m","message":"Connected to MongoDB","timestamp":"2022-06-09T13:11:01.582Z"}
{"api":"NODE SERVER","label":"Uygulama V1","level":"\u001b[32minfo\u001b[39m","message":"Connected to MongoDB","timestamp":"2022-06-09T13:11:38.924Z"}
{"api":"NODE SERVER","label":"Uygulama V1","level":"\u001b[32minfo\u001b[39m","message":"Connected to MongoDB","timestamp":"2022-06-09T13:11:45.463Z"}
{"api":"NODE SERVER","label":"Uygulama V1","level":"\u001b[32minfo\u001b[39m","message":"Connected to MongoDB","timestamp":"2022-06-09T13:11:56.026Z"}
{"api":"NODE SERVER","label":"Uygulama V1","level":"\u001b[32minfo\u001b[39m","message":"Connected to MongoDB","timestamp":"2022-06-09T13:11:57.355Z"}
{"api":"NODE SERVER","label":"Uygulama V1","level":"\u001b[32minfo\u001b[39m","message":"Connected to MongoDB","timestamp":"2022-06-09T13:12:04.578Z"}
{"api":"NODE SERVER","label":"Uygulama V1","level":"\u001b[32minfo\u001b[39m","message":"Connected to MongoDB","timestamp":"2022-06-09T13:13:20.969Z"}
{"api":"NODE SERVER","label":"Uygulama V1","level":"\u001b[32minfo\u001b[39m","message":"Connected to MongoDB","timestamp":"2022-06-09T13:13:25.820Z"}
{"api":"NODE SERVER","label":"Uygulama V1","level":"\u001b[32minfo\u001b[39m","message":"Connected to MongoDB","timestamp":"2022-06-09T13:13:52.441Z"}
{"api":"NODE SERVER","label":"Uygulama V1","level":"\u001b[32minfo\u001b[39m","message":"Connected to MongoDB","timestamp":"2022-06-09T13:14:04.797Z"}
{"api":"NODE SERVER","label":"Uygulama V1","level":"\u001b[32minfo\u001b[39m","message":"Connected to MongoDB","timestamp":"2022-06-09T13:14:10.124Z"}
{"api":"NODE SERVER","label":"Uygulama V1","level":"\u001b[32minfo\u001b[39m","message":"Connected to MongoDB","timestamp":"2022-06-09T13:14:26.023Z"}
{"api":"NODE SERVER","label":"Uygulama V1","level":"\u001b[32minfo\u001b[39m","message":"Connected to MongoDB","timestamp":"2022-06-09T13:14:44.351Z"}
{"api":"NODE SERVER","label":"Uygulama V1","level":"\u001b[32minfo\u001b[39m","message":"Connected to MongoDB","timestamp":"2022-06-09T13:18:53.520Z"}
{"api":"NODE SERVER","label":"Uygulama V1","level":"\u001b[32minfo\u001b[39m","message":"Connected to MongoDB","timestamp":"2022-06-09T13:19:05.967Z"}
{"api":"NODE SERVER","label":"Uygulama V1","level":"\u001b[32minfo\u001b[39m","message":"Connected to MongoDB","timestamp":"2022-06-09T13:19:25.968Z"}
{"api":"NODE SERVER","label":"Uygulama V1","level":"\u001b[32minfo\u001b[39m","message":"IP Adresi : ::1 - PATH :\n     /api/v1/company/create - BODY : {\"name\":\"abc@mail.com\",\"year\":1990,\"description\":\"Bu bir açıklama\"} -\n     PARAMS : {}  - \n     QUERY : {} - MIDDLEWARE ACCESS TIME : 1654780810392 - URL :/api/v1/company/create\n     ","timestamp":"2022-06-09T13:20:10.392Z"}
{"api":"NODE SERVER","label":"Uygulama V1","level":"\u001b[32minfo\u001b[39m","message":"Connected to MongoDB","timestamp":"2022-06-09T13:20:53.536Z"}
{"api":"NODE SERVER","label":"Uygulama V1","level":"\u001b[32minfo\u001b[39m","message":"IP Adresi : ::1 - PATH :\n     /api/v1/company/create - BODY : {\"name\":\"abc@mail.com\",\"year\":1990,\"description\":\"Bu bir açıklama\"} -\n     PARAMS : {}  - \n     QUERY : {} - MIDDLEWARE ACCESS TIME : 1654780855225 - URL :/api/v1/company/create\n     ","timestamp":"2022-06-09T13:20:55.225Z"}
{"api":"NODE SERVER","label":"Uygulama V1","level":"\u001b[31merror\u001b[39m","message":"IP Adresi : ::1 - PATH :\n    /create - BODY : {\"name\":\"abc@mail.com\",\"year\":1990,\"description\":\"Bu bir açıklama\"} -\n    PARAMS : {}  - \n    QUERY : {} - ERROR  TIME : 1654780855242 - URL :/create - ERROR MESSAGE : ValidationError: description: Cast to Number failed for value \"Bu bir açıklama\" (type string) at path \"description\", logo: Path `logo` is required.\n    ERROR CALLSTACK : {}\n    ","timestamp":"2022-06-09T13:20:55.242Z"}
{"api":"NODE SERVER","label":"Uygulama V1","level":"\u001b[32minfo\u001b[39m","message":"Connected to MongoDB","timestamp":"2022-06-09T13:21:16.951Z"}
{"api":"NODE SERVER","label":"Uygulama V1","level":"\u001b[32minfo\u001b[39m","message":"Connected to MongoDB","timestamp":"2022-06-09T13:21:23.842Z"}
{"api":"NODE SERVER","label":"Uygulama V1","level":"\u001b[32minfo\u001b[39m","message":"Connected to MongoDB","timestamp":"2022-06-09T13:21:28.628Z"}
{"api":"NODE SERVER","label":"Uygulama V1","level":"\u001b[32minfo\u001b[39m","message":"IP Adresi : ::1 - PATH :\n     /api/v1/company/create - BODY : {\"name\":\"abc@mail.com\",\"year\":1990,\"description\":\"Bu bir açıklama\"} -\n     PARAMS : {}  - \n     QUERY : {} - MIDDLEWARE ACCESS TIME : 1654780890803 - URL :/api/v1/company/create\n     ","timestamp":"2022-06-09T13:21:30.803Z"}
{"api":"NODE SERVER","label":"Uygulama V1","level":"\u001b[32minfo\u001b[39m","message":"Connected to MongoDB","timestamp":"2022-06-09T13:42:53.384Z"}
{"api":"NODE SERVER","label":"Uygulama V1","level":"\u001b[32minfo\u001b[39m","message":"Connected to MongoDB","timestamp":"2022-06-09T13:43:36.794Z"}
{"api":"NODE SERVER","label":"Uygulama V1","level":"\u001b[32minfo\u001b[39m","message":"Connected to MongoDB","timestamp":"2022-06-09T13:43:40.565Z"}
{"api":"NODE SERVER","label":"Uygulama V1","level":"\u001b[32minfo\u001b[39m","message":"Connected to MongoDB","timestamp":"2022-06-09T13:43:57.656Z"}
{"api":"NODE SERVER","label":"Uygulama V1","level":"\u001b[32minfo\u001b[39m","message":"Connected to MongoDB","timestamp":"2022-06-09T13:44:05.100Z"}
{"api":"NODE SERVER","label":"Uygulama V1","level":"\u001b[32minfo\u001b[39m","message":"Connected to MongoDB","timestamp":"2022-06-09T13:45:29.736Z"}
{"api":"NODE SERVER","label":"Uygulama V1","level":"\u001b[32minfo\u001b[39m","message":"Connected to MongoDB","timestamp":"2022-06-09T13:45:51.396Z"}
{"api":"NODE SERVER","label":"Uygulama V1","level":"\u001b[32minfo\u001b[39m","message":"IP Adresi : ::1 - PATH :\n     /api/v1/company/create - BODY : {\"name\":\"abc@mail.com\",\"year\":1990,\"description\":\"Bu bir açıklama\"} -\n     PARAMS : {}  - \n     QUERY : {} - MIDDLEWARE ACCESS TIME : 1654782356595 - URL :/api/v1/company/create\n     ","timestamp":"2022-06-09T13:45:56.595Z"}
{"api":"NODE SERVER","label":"Uygulama V1","level":"\u001b[31merror\u001b[39m","message":"IP Adresi : ::1 - PATH :\n    /create - BODY : {\"name\":\"abc@mail.com\",\"year\":1990,\"description\":\"Bu bir açıklama\"} -\n    PARAMS : {}  - \n    QUERY : {} - ERROR  TIME : 1654782356606 - URL :/create - ERROR MESSAGE : ReferenceError: json_id is not defined\n    ERROR CALLSTACK : {}\n    ","timestamp":"2022-06-09T13:45:56.606Z"}
{"api":"NODE SERVER","label":"Uygulama V1","level":"\u001b[32minfo\u001b[39m","message":"IP Adresi : ::1 - PATH :\n     /api/v1/company/create - BODY : {\"name\":\"wqeqwewqe\",\"year\":1990,\"description\":\"Bu bir açıklama\"} -\n     PARAMS : {}  - \n     QUERY : {} - MIDDLEWARE ACCESS TIME : 1654782364179 - URL :/api/v1/company/create\n     ","timestamp":"2022-06-09T13:46:04.179Z"}
{"api":"NODE SERVER","label":"Uygulama V1","level":"\u001b[31merror\u001b[39m","message":"IP Adresi : ::1 - PATH :\n    /create - BODY : {\"name\":\"wqeqwewqe\",\"year\":1990,\"description\":\"Bu bir açıklama\"} -\n    PARAMS : {}  - \n    QUERY : {} - ERROR  TIME : 1654782364183 - URL :/create - ERROR MESSAGE : ReferenceError: json_id is not defined\n    ERROR CALLSTACK : {}\n    ","timestamp":"2022-06-09T13:46:04.183Z"}
{"api":"NODE SERVER","label":"Uygulama V1","level":"\u001b[32minfo\u001b[39m","message":"Connected to MongoDB","timestamp":"2022-06-09T13:46:16.806Z"}
{"api":"NODE SERVER","label":"Uygulama V1","level":"\u001b[32minfo\u001b[39m","message":"IP Adresi : ::1 - PATH :\n     /api/v1/company/create - BODY : {\"name\":\"wqeqwewqe\",\"year\":1990,\"description\":\"Bu bir açıklama\"} -\n     PARAMS : {}  - \n     QUERY : {} - MIDDLEWARE ACCESS TIME : 1654782393352 - URL :/api/v1/company/create\n     ","timestamp":"2022-06-09T13:46:33.352Z"}
{"api":"NODE SERVER","label":"Uygulama V1","level":"\u001b[32minfo\u001b[39m","message":"Connected to MongoDB","timestamp":"2022-06-09T13:47:08.347Z"}
{"api":"NODE SERVER","label":"Uygulama V1","level":"\u001b[32minfo\u001b[39m","message":"Connected to MongoDB","timestamp":"2022-06-09T13:47:17.536Z"}
{"api":"NODE SERVER","label":"Uygulama V1","level":"\u001b[32minfo\u001b[39m","message":"Connected to MongoDB","timestamp":"2022-06-09T13:47:24.183Z"}
{"api":"NODE SERVER","label":"Uygulama V1","level":"\u001b[32minfo\u001b[39m","message":"Connected to MongoDB","timestamp":"2022-06-09T13:47:47.327Z"}
{"api":"NODE SERVER","label":"Uygulama V1","level":"\u001b[32minfo\u001b[39m","message":"IP Adresi : ::1 - PATH :\n     /api/v1/company/create - BODY : {\"name\":\"wqeqwewqe\",\"year\":1990,\"description\":\"Bu bir açıklama\"} -\n     PARAMS : {}  - \n     QUERY : {} - MIDDLEWARE ACCESS TIME : 1654782473723 - URL :/api/v1/company/create\n     ","timestamp":"2022-06-09T13:47:53.723Z"}
{"api":"NODE SERVER","label":"Uygulama V1","level":"\u001b[32minfo\u001b[39m","message":"Connected to MongoDB","timestamp":"2022-06-09T14:44:29.856Z"}
{"api":"NODE SERVER","label":"Uygulama V1","level":"\u001b[32minfo\u001b[39m","message":"Connected to MongoDB","timestamp":"2022-06-09T14:44:33.022Z"}
{"api":"NODE SERVER","label":"Uygulama V1","level":"\u001b[32minfo\u001b[39m","message":"Connected to MongoDB","timestamp":"2022-06-09T16:30:31.153Z"}
{"api":"NODE SERVER","label":"Uygulama V1","level":"\u001b[32minfo\u001b[39m","message":"IP Adresi : ::1 - PATH :\n     /api/v1/company/create - BODY : {} -\n     PARAMS : {}  - \n     QUERY : {} - MIDDLEWARE ACCESS TIME : 1654792263620 - URL :/api/v1/company/create\n     ","timestamp":"2022-06-09T16:31:03.620Z"}
{"api":"NODE SERVER","label":"Uygulama V1","level":"\u001b[32minfo\u001b[39m","message":"IP Adresi : ::1 - PATH :\n     /create - BODY : {} -\n     PARAMS : {}  - \n     QUERY : {} - MIDDLEWARE ACCESS TIME : 1654792263621 - URL :/create\n     ","timestamp":"2022-06-09T16:31:03.621Z"}
{"api":"NODE SERVER","label":"Uygulama V1","level":"\u001b[32minfo\u001b[39m","message":"Connected to MongoDB","timestamp":"2022-06-09T16:31:55.547Z"}
{"api":"NODE SERVER","label":"Uygulama V1","level":"\u001b[32minfo\u001b[39m","message":"IP Adresi : ::1 - PATH :\n     /api/v1/company/create - BODY : {} -\n     PARAMS : {}  - \n     QUERY : {} - MIDDLEWARE ACCESS TIME : 1654792318648 - URL :/api/v1/company/create\n     ","timestamp":"2022-06-09T16:31:58.648Z"}
{"api":"NODE SERVER","label":"Uygulama V1","level":"\u001b[32minfo\u001b[39m","message":"Connected to MongoDB","timestamp":"2022-06-09T16:32:22.283Z"}
{"api":"NODE SERVER","label":"Uygulama V1","level":"\u001b[32minfo\u001b[39m","message":"IP Adresi : ::1 - PATH :\n     /api/v1/company/create - BODY : {} -\n     PARAMS : {}  - \n     QUERY : {} - MIDDLEWARE ACCESS TIME : 1654792343973 - URL :/api/v1/company/create\n     ","timestamp":"2022-06-09T16:32:23.973Z"}
{"api":"NODE SERVER","label":"Uygulama V1","level":"\u001b[32minfo\u001b[39m","message":"Connected to MongoDB","timestamp":"2022-06-09T16:33:32.642Z"}
{"api":"NODE SERVER","label":"Uygulama V1","level":"\u001b[32minfo\u001b[39m","message":"IP Adresi : ::1 - PATH :\n     /api/v1/company/create - BODY : {} -\n     PARAMS : {}  - \n     QUERY : {} - MIDDLEWARE ACCESS TIME : 1654792415793 - URL :/api/v1/company/create\n     ","timestamp":"2022-06-09T16:33:35.793Z"}
{"api":"NODE SERVER","label":"Uygulama V1","level":"\u001b[32minfo\u001b[39m","message":"IP Adresi : ::1 - PATH :\n     /api/v1/company/create - BODY : {} -\n     PARAMS : {}  - \n     QUERY : {} - MIDDLEWARE ACCESS TIME : 1654792428265 - URL :/api/v1/company/create\n     ","timestamp":"2022-06-09T16:33:48.265Z"}
{"api":"NODE SERVER","label":"Uygulama V1","level":"\u001b[32minfo\u001b[39m","message":"Connected to MongoDB","timestamp":"2022-06-09T18:09:47.470Z"}
{"api":"NODE SERVER","label":"Uygulama V1","level":"\u001b[32minfo\u001b[39m","message":"Connected to MongoDB","timestamp":"2022-06-09T18:10:24.287Z"}
{"api":"NODE SERVER","label":"Uygulama V1","level":"\u001b[32minfo\u001b[39m","message":"Connected to MongoDB","timestamp":"2022-06-09T18:10:33.776Z"}
{"api":"NODE SERVER","label":"Uygulama V1","level":"\u001b[32minfo\u001b[39m","message":"Connected to MongoDB","timestamp":"2022-06-09T18:10:44.906Z"}
{"api":"NODE SERVER","label":"Uygulama V1","level":"\u001b[32minfo\u001b[39m","message":"Connected to MongoDB","timestamp":"2022-06-09T18:10:49.442Z"}
{"api":"NODE SERVER","label":"Uygulama V1","level":"\u001b[32minfo\u001b[39m","message":"Connected to MongoDB","timestamp":"2022-06-09T18:11:06.399Z"}
{"api":"NODE SERVER","label":"Uygulama V1","level":"\u001b[32minfo\u001b[39m","message":"Connected to MongoDB","timestamp":"2022-06-09T18:11:16.456Z"}
{"api":"NODE SERVER","label":"Uygulama V1","level":"\u001b[32minfo\u001b[39m","message":"Connected to MongoDB","timestamp":"2022-06-09T18:12:19.927Z"}
{"api":"NODE SERVER","label":"Uygulama V1","level":"\u001b[32minfo\u001b[39m","message":"Connected to MongoDB","timestamp":"2022-06-09T18:12:45.080Z"}
