{"api":"NODE SERVER","label":"Uygulama V1","level":"\u001b[32minfo\u001b[39m","message":"Connected to MongoDB","timestamp":"2022-06-12T08:32:39.358Z"}
{"api":"NODE SERVER","label":"Uygulama V1","level":"\u001b[32minfo\u001b[39m","message":"IP Adresi : ::1 - PATH :\n     /api/v1/person/create - BODY : {\"name\":\"Ahmet\",\"surname\":\"Ufuk\",\"birthDate\":642470400000,\"gender\":\"E\",\"salary\":12000,\"tcNumber\":\"96855374366\",\"email\":\"aufuk@sirketim.com\",\"password\":\"12345678\",\"country\":\"Turkey\",\"city\":\"Ankara\",\"company\":\"62a4ce3effe609b2b008d316\",\"title\":\"62a4eda45f6c8d6ae6c00c9b\"} -\n     PARAMS : {}  - \n     QUERY : {} - MIDDLEWARE ACCESS TIME : 1655022761768 - URL :/api/v1/person/create\n     ","timestamp":"2022-06-12T08:32:41.768Z"}
{"api":"NODE SERVER","label":"Uygulama V1","level":"\u001b[32minfo\u001b[39m","message":"Connected to MongoDB","timestamp":"2022-06-12T08:32:58.675Z"}
{"api":"NODE SERVER","label":"Uygulama V1","level":"\u001b[32minfo\u001b[39m","message":"IP Adresi : ::1 - PATH :\n     /api/v1/person/create - BODY : {\"name\":\"Ahmet\",\"surname\":\"Ufuk\",\"birthDate\":642470400000,\"gender\":\"E\",\"salary\":12000,\"tcNumber\":\"96855374366\",\"email\":\"aufuk@sirketim.com\",\"password\":\"12345678\",\"country\":\"Turkey\",\"city\":\"Ankara\",\"company\":\"62a4ce3effe609b2b008d316\",\"title\":\"62a4eda45f6c8d6ae6c00c9b\"} -\n     PARAMS : {}  - \n     QUERY : {} - MIDDLEWARE ACCESS TIME : 1655022788997 - URL :/api/v1/person/create\n     ","timestamp":"2022-06-12T08:33:08.997Z"}
{"api":"NODE SERVER","label":"Uygulama V1","level":"\u001b[32minfo\u001b[39m","message":"Connected to MongoDB","timestamp":"2022-06-12T08:33:19.730Z"}
{"api":"NODE SERVER","label":"Uygulama V1","level":"\u001b[32minfo\u001b[39m","message":"IP Adresi : ::1 - PATH :\n     /api/v1/person/create - BODY : {\"name\":\"Ahmet\",\"surname\":\"Ufuk\",\"birthDate\":642470400000,\"gender\":\"E\",\"salary\":12000,\"tcNumber\":\"96855374366\",\"email\":\"aufuk@sirketim.com\",\"password\":\"12345678\",\"country\":\"Turkey\",\"city\":\"Ankara\",\"company\":\"62a4ce3effe609b2b008d316\",\"title\":\"62a4eda45f6c8d6ae6c00c9b\"} -\n     PARAMS : {}  - \n     QUERY : {} - MIDDLEWARE ACCESS TIME : 1655022806818 - URL :/api/v1/person/create\n     ","timestamp":"2022-06-12T08:33:26.818Z"}
{"api":"NODE SERVER","label":"Uygulama V1","level":"\u001b[32minfo\u001b[39m","message":"Connected to MongoDB","timestamp":"2022-06-12T08:33:45.971Z"}
{"api":"NODE SERVER","label":"Uygulama V1","level":"\u001b[32minfo\u001b[39m","message":"Connected to MongoDB","timestamp":"2022-06-12T08:33:48.196Z"}
{"api":"NODE SERVER","label":"Uygulama V1","level":"\u001b[32minfo\u001b[39m","message":"IP Adresi : ::1 - PATH :\n     /api/v1/person/create - BODY : {\"name\":\"Ahmet\",\"surname\":\"Ufuk\",\"birthDate\":642470400000,\"gender\":\"E\",\"salary\":12000,\"tcNumber\":\"96855374366\",\"email\":\"aufuk@sirketim.com\",\"password\":\"12345678\",\"country\":\"Turkey\",\"city\":\"Ankara\",\"company\":\"62a4ce3effe609b2b008d316\",\"title\":\"62a4eda45f6c8d6ae6c00c9b\"} -\n     PARAMS : {}  - \n     QUERY : {} - MIDDLEWARE ACCESS TIME : 1655022839646 - URL :/api/v1/person/create\n     ","timestamp":"2022-06-12T08:33:59.646Z"}
{"api":"NODE SERVER","label":"Uygulama V1","level":"\u001b[31merror\u001b[39m","message":"IP Adresi : ::1 - PATH :\n    /create - BODY : {\"name\":\"Ahmet\",\"surname\":\"Ufuk\",\"birthDate\":642470400000,\"gender\":\"E\",\"salary\":12000,\"tcNumber\":\"96855374366\",\"email\":\"aufuk@sirketim.com\",\"password\":\"12345678\",\"country\":\"Turkey\",\"city\":\"Ankara\",\"company\":\"62a4ce3effe609b2b008d316\",\"title\":\"62a4eda45f6c8d6ae6c00c9b\"} -\n    PARAMS : {}  - \n    QUERY : {} - ERROR  TIME : 1655022839653 - URL :/create - ERROR MESSAGE : ValidationError: avatar: Path `avatar` is required., cvFile: Path `cvFile` is required.\n    ERROR CALLSTACK : {} - CUSTOM-INFO : undefined\n    ","timestamp":"2022-06-12T08:33:59.653Z"}
{"api":"NODE SERVER","label":"Uygulama V1","level":"\u001b[32minfo\u001b[39m","message":"Connected to MongoDB","timestamp":"2022-06-12T08:34:28.662Z"}
{"api":"NODE SERVER","label":"Uygulama V1","level":"\u001b[32minfo\u001b[39m","message":"IP Adresi : ::1 - PATH :\n     /api/v1/person/create - BODY : {\"name\":\"Ahmet\",\"surname\":\"Ufuk\",\"birthDate\":642470400000,\"gender\":\"E\",\"salary\":12000,\"tcNumber\":\"96855374366\",\"email\":\"aufuk@sirketim.com\",\"password\":\"12345678\",\"country\":\"Turkey\",\"city\":\"Ankara\",\"company\":\"62a4ce3effe609b2b008d316\",\"title\":\"62a4eda45f6c8d6ae6c00c9b\"} -\n     PARAMS : {}  - \n     QUERY : {} - MIDDLEWARE ACCESS TIME : 1655022869748 - URL :/api/v1/person/create\n     ","timestamp":"2022-06-12T08:34:29.748Z"}
{"api":"NODE SERVER","label":"Uygulama V1","level":"\u001b[32minfo\u001b[39m","message":"Connected to MongoDB","timestamp":"2022-06-12T08:36:21.418Z"}
{"api":"NODE SERVER","label":"Uygulama V1","level":"\u001b[32minfo\u001b[39m","message":"Connected to MongoDB","timestamp":"2022-06-12T08:36:29.599Z"}
{"api":"NODE SERVER","label":"Uygulama V1","level":"\u001b[32minfo\u001b[39m","message":"Connected to MongoDB","timestamp":"2022-06-12T08:36:34.579Z"}
{"api":"NODE SERVER","label":"Uygulama V1","level":"\u001b[32minfo\u001b[39m","message":"Connected to MongoDB","timestamp":"2022-06-12T08:36:46.998Z"}
{"api":"NODE SERVER","label":"Uygulama V1","level":"\u001b[32minfo\u001b[39m","message":"Connected to MongoDB","timestamp":"2022-06-12T08:36:57.221Z"}
{"api":"NODE SERVER","label":"Uygulama V1","level":"\u001b[32minfo\u001b[39m","message":"Connected to MongoDB","timestamp":"2022-06-12T08:38:05.315Z"}
{"api":"NODE SERVER","label":"Uygulama V1","level":"\u001b[32minfo\u001b[39m","message":"IP Adresi : ::1 - PATH :\n     /api/v1/person/create - BODY : {\"name\":\"Ahmet\",\"surname\":\"Ufuk\",\"birthDate\":642470400000,\"gender\":\"E\",\"salary\":12000,\"tcNumber\":\"96855374366\",\"email\":\"aufduk@sirketim.com\",\"password\":\"12345678\",\"country\":\"Turkey\",\"city\":\"Ankara\",\"company\":\"62a4ce3effe609b2b008d316\",\"title\":\"62a4eda45f6c8d6ae6c00c9b\"} -\n     PARAMS : {}  - \n     QUERY : {} - MIDDLEWARE ACCESS TIME : 1655023118314 - URL :/api/v1/person/create\n     ","timestamp":"2022-06-12T08:38:38.314Z"}
{"api":"NODE SERVER","label":"Uygulama V1","level":"\u001b[32minfo\u001b[39m","message":"Connected to MongoDB","timestamp":"2022-06-12T08:39:04.059Z"}
{"api":"NODE SERVER","label":"Uygulama V1","level":"\u001b[32minfo\u001b[39m","message":"Connected to MongoDB","timestamp":"2022-06-12T08:40:18.534Z"}
{"api":"NODE SERVER","label":"Uygulama V1","level":"\u001b[32minfo\u001b[39m","message":"Connected to MongoDB","timestamp":"2022-06-12T08:41:04.123Z"}
{"api":"NODE SERVER","label":"Uygulama V1","level":"\u001b[32minfo\u001b[39m","message":"Connected to MongoDB","timestamp":"2022-06-12T08:41:26.038Z"}
{"api":"NODE SERVER","label":"Uygulama V1","level":"\u001b[32minfo\u001b[39m","message":"Connected to MongoDB","timestamp":"2022-06-12T08:41:56.474Z"}
{"api":"NODE SERVER","label":"Uygulama V1","level":"\u001b[32minfo\u001b[39m","message":"Connected to MongoDB","timestamp":"2022-06-12T08:42:44.263Z"}
{"api":"NODE SERVER","label":"Uygulama V1","level":"\u001b[32minfo\u001b[39m","message":"Connected to MongoDB","timestamp":"2022-06-12T08:42:59.792Z"}
{"api":"NODE SERVER","label":"Uygulama V1","level":"\u001b[32minfo\u001b[39m","message":"Connected to MongoDB","timestamp":"2022-06-12T08:43:30.543Z"}
{"api":"NODE SERVER","label":"Uygulama V1","level":"\u001b[32minfo\u001b[39m","message":"Connected to MongoDB","timestamp":"2022-06-12T08:43:33.621Z"}
{"api":"NODE SERVER","label":"Uygulama V1","level":"\u001b[32minfo\u001b[39m","message":"Connected to MongoDB","timestamp":"2022-06-12T08:43:44.382Z"}
{"api":"NODE SERVER","label":"Uygulama V1","level":"\u001b[32minfo\u001b[39m","message":"Connected to MongoDB","timestamp":"2022-06-12T08:43:50.384Z"}
{"api":"NODE SERVER","label":"Uygulama V1","level":"\u001b[32minfo\u001b[39m","message":"IP Adresi : ::1 - PATH :\n     /api/v1/person/create - BODY : {\"name\":\"Ahmet\",\"surname\":\"Ufuk\",\"birthDate\":642470400000,\"gender\":\"E\",\"salary\":12000,\"tcNumber\":\"96855374366\",\"email\":\"aasdasd\",\"password\":\"12345678\",\"country\":\"Turkey\",\"city\":\"Ankara\",\"company\":\"62a4ce3effe609b2b008d316\",\"title\":\"62a4eda45f6c8d6ae6c00c9b\"} -\n     PARAMS : {}  - \n     QUERY : {} - MIDDLEWARE ACCESS TIME : 1655023442649 - URL :/api/v1/person/create\n     ","timestamp":"2022-06-12T08:44:02.649Z"}
{"api":"NODE SERVER","label":"Uygulama V1","level":"\u001b[32minfo\u001b[39m","message":"Connected to MongoDB","timestamp":"2022-06-12T08:44:27.052Z"}
{"api":"NODE SERVER","label":"Uygulama V1","level":"\u001b[32minfo\u001b[39m","message":"IP Adresi : ::1 - PATH :\n     /api/v1/person/create - BODY : {\"name\":\"Ahmet\",\"surname\":\"Ufuk\",\"birthDate\":642470400000,\"gender\":\"E\",\"salary\":12000,\"tcNumber\":\"96855374366\",\"email\":\"aasdasd\",\"password\":\"12345678\",\"country\":\"Turkey\",\"city\":\"Ankara\",\"company\":\"62a4ce3effe609b2b008d316\",\"title\":\"62a4eda45f6c8d6ae6c00c9b\"} -\n     PARAMS : {}  - \n     QUERY : {} - MIDDLEWARE ACCESS TIME : 1655023468094 - URL :/api/v1/person/create\n     ","timestamp":"2022-06-12T08:44:28.094Z"}
{"api":"NODE SERVER","label":"Uygulama V1","level":"\u001b[32minfo\u001b[39m","message":"IP Adresi : ::1 - PATH :\n     /api/v1/person/create - BODY : {\"name\":\"Ahmet\",\"surname\":\"Ufuk\",\"birthDate\":642470400000,\"gender\":\"E\",\"salary\":12000,\"tcNumber\":\"96855374366\",\"email\":\"aasdaswerewrd@mail.com\",\"password\":\"12345678\",\"country\":\"Turkey\",\"city\":\"Ankara\",\"company\":\"62a4ce3effe609b2b008d316\",\"title\":\"62a4eda45f6c8d6ae6c00c9b\"} -\n     PARAMS : {}  - \n     QUERY : {} - MIDDLEWARE ACCESS TIME : 1655023478411 - URL :/api/v1/person/create\n     ","timestamp":"2022-06-12T08:44:38.411Z"}
{"api":"NODE SERVER","label":"Uygulama V1","level":"\u001b[32minfo\u001b[39m","message":"Connected to MongoDB","timestamp":"2022-06-12T09:04:45.319Z"}
{"api":"NODE SERVER","label":"Uygulama V1","level":"\u001b[32minfo\u001b[39m","message":"Connected to MongoDB","timestamp":"2022-06-12T09:05:36.471Z"}
{"api":"NODE SERVER","label":"Uygulama V1","level":"\u001b[32minfo\u001b[39m","message":"Connected to MongoDB","timestamp":"2022-06-12T09:06:36.799Z"}
{"api":"NODE SERVER","label":"Uygulama V1","level":"\u001b[32minfo\u001b[39m","message":"Connected to MongoDB","timestamp":"2022-06-12T09:06:52.221Z"}
{"api":"NODE SERVER","label":"Uygulama V1","level":"\u001b[32minfo\u001b[39m","message":"Connected to MongoDB","timestamp":"2022-06-12T09:06:58.285Z"}
{"api":"NODE SERVER","label":"Uygulama V1","level":"\u001b[32minfo\u001b[39m","message":"Connected to MongoDB","timestamp":"2022-06-12T09:07:25.464Z"}
{"api":"NODE SERVER","label":"Uygulama V1","level":"\u001b[32minfo\u001b[39m","message":"Connected to MongoDB","timestamp":"2022-06-12T09:07:36.120Z"}
{"api":"NODE SERVER","label":"Uygulama V1","level":"\u001b[32minfo\u001b[39m","message":"Connected to MongoDB","timestamp":"2022-06-12T09:07:54.517Z"}
{"api":"NODE SERVER","label":"Uygulama V1","level":"\u001b[32minfo\u001b[39m","message":"IP Adresi : ::1 - PATH :\n     /api/v1/person/create - BODY : {\"name\":\"Ahmet\",\"surname\":\"Ufuk\",\"birthDate\":642470400000,\"gender\":\"E\",\"salary\":12000,\"tcNumber\":\"96855374366\",\"email\":\"aasdaswerewrd1@mail.com\",\"password\":\"12345678\",\"country\":\"Turkey\",\"city\":\"Ankara\",\"company\":\"62a4ce3effe609b2b008d316\",\"title\":\"62a4eda45f6c8d6ae6c00c9b\"} -\n     PARAMS : {}  - \n     QUERY : {} - MIDDLEWARE ACCESS TIME : 1655024883054 - URL :/api/v1/person/create\n     ","timestamp":"2022-06-12T09:08:03.054Z"}
{"api":"NODE SERVER","label":"Uygulama V1","level":"\u001b[32minfo\u001b[39m","message":"IP Adresi : ::1 - PATH :\n     /api/v1/person/create - BODY : {\"name\":\"Ahmet\",\"surname\":\"Ufuk\",\"birthDate\":642470400000,\"gender\":\"E\",\"salary\":12000,\"tcNumber\":\"96855374366\",\"email\":\"aasdaswerewrd@mail.com\",\"password\":\"12345678\",\"country\":\"Turkey\",\"city\":\"Ankara\",\"company\":\"62a4ce3effe609b2b008d316\",\"title\":\"62a4eda45f6c8d6ae6c00c9b\"} -\n     PARAMS : {}  - \n     QUERY : {} - MIDDLEWARE ACCESS TIME : 1655024886827 - URL :/api/v1/person/create\n     ","timestamp":"2022-06-12T09:08:06.827Z"}
{"api":"NODE SERVER","label":"Uygulama V1","level":"\u001b[32minfo\u001b[39m","message":"Connected to MongoDB","timestamp":"2022-06-12T09:09:40.711Z"}
{"api":"NODE SERVER","label":"Uygulama V1","level":"\u001b[32minfo\u001b[39m","message":"Connected to MongoDB","timestamp":"2022-06-12T09:09:45.712Z"}
{"api":"NODE SERVER","label":"Uygulama V1","level":"\u001b[32minfo\u001b[39m","message":"Connected to MongoDB","timestamp":"2022-06-12T09:12:36.124Z"}
{"api":"NODE SERVER","label":"Uygulama V1","level":"\u001b[32minfo\u001b[39m","message":"Connected to MongoDB","timestamp":"2022-06-12T09:12:50.572Z"}
{"api":"NODE SERVER","label":"Uygulama V1","level":"\u001b[32minfo\u001b[39m","message":"Connected to MongoDB","timestamp":"2022-06-12T09:12:54.673Z"}
{"api":"NODE SERVER","label":"Uygulama V1","level":"\u001b[32minfo\u001b[39m","message":"Connected to MongoDB","timestamp":"2022-06-12T09:13:33.019Z"}
{"api":"NODE SERVER","label":"Uygulama V1","level":"\u001b[32minfo\u001b[39m","message":"Connected to MongoDB","timestamp":"2022-06-12T09:14:04.712Z"}
{"api":"NODE SERVER","label":"Uygulama V1","level":"\u001b[32minfo\u001b[39m","message":"IP Adresi : ::1 - PATH :\n     /api/v1/person/create - BODY : {\"name\":\"Ahmet\",\"surname\":\"Ufuk\",\"birthDate\":642470400000,\"gender\":\"E\",\"salary\":12000,\"tcNumber\":\"96855374366\",\"email\":\"aasdasweredswrd@mail.com\",\"password\":\"12345678\",\"country\":\"Turkey\",\"city\":\"Ankara\",\"company\":\"62a4ce3effe609b2b008d316\",\"title\":\"62a4eda45f6c8d6ae6c00c9b\"} -\n     PARAMS : {}  - \n     QUERY : {} - MIDDLEWARE ACCESS TIME : 1655025254171 - URL :/api/v1/person/create\n     ","timestamp":"2022-06-12T09:14:14.171Z"}
{"api":"NODE SERVER","label":"Uygulama V1","level":"\u001b[32minfo\u001b[39m","message":"IP Adresi : ::1 - PATH :\n     /api/v1/person/create - BODY : {\"name\":\"Ahmet\",\"surname\":\"Ufuk\",\"birthDate\":642470400000,\"gender\":\"E\",\"salary\":12000,\"tcNumber\":\"11366111111\",\"email\":\"aasdasweredswrd@mail.com\",\"password\":\"12345678\",\"country\":\"Turkey\",\"city\":\"Ankara\",\"company\":\"62a4ce3effe609b2b008d316\",\"title\":\"62a4eda45f6c8d6ae6c00c9b\"} -\n     PARAMS : {}  - \n     QUERY : {} - MIDDLEWARE ACCESS TIME : 1655025270666 - URL :/api/v1/person/create\n     ","timestamp":"2022-06-12T09:14:30.666Z"}
{"api":"NODE SERVER","label":"Uygulama V1","level":"\u001b[32minfo\u001b[39m","message":"Connected to MongoDB","timestamp":"2022-06-12T09:20:03.598Z"}
{"api":"NODE SERVER","label":"Uygulama V1","level":"\u001b[32minfo\u001b[39m","message":"Connected to MongoDB","timestamp":"2022-06-12T09:20:15.573Z"}
{"api":"NODE SERVER","label":"Uygulama V1","level":"\u001b[32minfo\u001b[39m","message":"Connected to MongoDB","timestamp":"2022-06-12T09:20:59.976Z"}
{"api":"NODE SERVER","label":"Uygulama V1","level":"\u001b[32minfo\u001b[39m","message":"Connected to MongoDB","timestamp":"2022-06-12T09:21:14.301Z"}
{"api":"NODE SERVER","label":"Uygulama V1","level":"\u001b[32minfo\u001b[39m","message":"Connected to MongoDB","timestamp":"2022-06-12T09:21:17.855Z"}
{"api":"NODE SERVER","label":"Uygulama V1","level":"\u001b[32minfo\u001b[39m","message":"Connected to MongoDB","timestamp":"2022-06-12T09:21:32.636Z"}
{"api":"NODE SERVER","label":"Uygulama V1","level":"\u001b[32minfo\u001b[39m","message":"Connected to MongoDB","timestamp":"2022-06-12T09:21:39.745Z"}
{"api":"NODE SERVER","label":"Uygulama V1","level":"\u001b[32minfo\u001b[39m","message":"Connected to MongoDB","timestamp":"2022-06-12T09:21:40.998Z"}
{"api":"NODE SERVER","label":"Uygulama V1","level":"\u001b[32minfo\u001b[39m","message":"Connected to MongoDB","timestamp":"2022-06-12T09:22:26.857Z"}
{"api":"NODE SERVER","label":"Uygulama V1","level":"\u001b[32minfo\u001b[39m","message":"Connected to MongoDB","timestamp":"2022-06-12T09:23:08.379Z"}
{"api":"NODE SERVER","label":"Uygulama V1","level":"\u001b[32minfo\u001b[39m","message":"IP Adresi : ::1 - PATH :\n     /api/v1/person/uploadAvatar - BODY : {} -\n     PARAMS : {}  - \n     QUERY : {\"id\":\"62a5a5154931c54e40655338\"} - MIDDLEWARE ACCESS TIME : 1655025856721 - URL :/api/v1/person/uploadAvatar?id=62a5a5154931c54e40655338\n     ","timestamp":"2022-06-12T09:24:16.721Z"}
{"api":"NODE SERVER","label":"Uygulama V1","level":"\u001b[32minfo\u001b[39m","message":"Connected to MongoDB","timestamp":"2022-06-12T09:24:28.840Z"}
{"api":"NODE SERVER","label":"Uygulama V1","level":"\u001b[32minfo\u001b[39m","message":"IP Adresi : ::1 - PATH :\n     /api/v1/person/uploadAvatar - BODY : {} -\n     PARAMS : {}  - \n     QUERY : {\"id\":\"62a5a5154931c54e40655338\"} - MIDDLEWARE ACCESS TIME : 1655025871885 - URL :/api/v1/person/uploadAvatar?id=62a5a5154931c54e40655338\n     ","timestamp":"2022-06-12T09:24:31.885Z"}
{"api":"NODE SERVER","label":"Uygulama V1","level":"\u001b[31merror\u001b[39m","message":"IP Adresi : ::1 - PATH :\n    /uploadAvatar - BODY : {} -\n    PARAMS : {}  - \n    QUERY : {\"id\":\"62a5a5154931c54e40655338\"} - ERROR  TIME : 1655025871889 - URL :/uploadAvatar?id=62a5a5154931c54e40655338 - ERROR MESSAGE : ReferenceError: fileService is not defined\n    ERROR CALLSTACK : {} - CUSTOM-INFO : undefined\n    ","timestamp":"2022-06-12T09:24:31.889Z"}
{"api":"NODE SERVER","label":"Uygulama V1","level":"\u001b[32minfo\u001b[39m","message":"Connected to MongoDB","timestamp":"2022-06-12T09:24:53.384Z"}
{"api":"NODE SERVER","label":"Uygulama V1","level":"\u001b[32minfo\u001b[39m","message":"IP Adresi : ::1 - PATH :\n     /api/v1/person/uploadAvatar - BODY : {} -\n     PARAMS : {}  - \n     QUERY : {\"id\":\"62a5a5154931c54e40655338\"} - MIDDLEWARE ACCESS TIME : 1655025896442 - URL :/api/v1/person/uploadAvatar?id=62a5a5154931c54e40655338\n     ","timestamp":"2022-06-12T09:24:56.442Z"}
{"api":"NODE SERVER","label":"Uygulama V1","level":"\u001b[32minfo\u001b[39m","message":"IP Adresi : ::ffff:192.168.1.77 - PATH :\n     /uploads/null - BODY : {} -\n     PARAMS : {}  - \n     QUERY : {} - MIDDLEWARE ACCESS TIME : 1655025906199 - URL :/uploads/null\n     ","timestamp":"2022-06-12T09:25:06.199Z"}
{"api":"NODE SERVER","label":"Uygulama V1","level":"\u001b[32minfo\u001b[39m","message":"IP Adresi : ::ffff:192.168.1.77 - PATH :\n     /favicon.ico - BODY : {} -\n     PARAMS : {}  - \n     QUERY : {} - MIDDLEWARE ACCESS TIME : 1655025906218 - URL :/favicon.ico\n     ","timestamp":"2022-06-12T09:25:06.218Z"}
{"api":"NODE SERVER","label":"Uygulama V1","level":"\u001b[32minfo\u001b[39m","message":"Connected to MongoDB","timestamp":"2022-06-12T09:27:41.601Z"}
{"api":"NODE SERVER","label":"Uygulama V1","level":"\u001b[32minfo\u001b[39m","message":"Connected to MongoDB","timestamp":"2022-06-12T09:27:46.835Z"}
{"api":"NODE SERVER","label":"Uygulama V1","level":"\u001b[32minfo\u001b[39m","message":"Connected to MongoDB","timestamp":"2022-06-12T09:28:01.288Z"}
{"api":"NODE SERVER","label":"Uygulama V1","level":"\u001b[32minfo\u001b[39m","message":"Connected to MongoDB","timestamp":"2022-06-12T09:28:49.813Z"}
{"api":"NODE SERVER","label":"Uygulama V1","level":"\u001b[32minfo\u001b[39m","message":"Connected to MongoDB","timestamp":"2022-06-12T09:29:41.514Z"}
{"api":"NODE SERVER","label":"Uygulama V1","level":"\u001b[32minfo\u001b[39m","message":"Connected to MongoDB","timestamp":"2022-06-12T09:29:47.470Z"}
{"api":"NODE SERVER","label":"Uygulama V1","level":"\u001b[32minfo\u001b[39m","message":"Connected to MongoDB","timestamp":"2022-06-12T09:29:50.450Z"}
{"api":"NODE SERVER","label":"Uygulama V1","level":"\u001b[32minfo\u001b[39m","message":"Connected to MongoDB","timestamp":"2022-06-12T09:29:55.650Z"}
{"api":"NODE SERVER","label":"Uygulama V1","level":"\u001b[32minfo\u001b[39m","message":"Connected to MongoDB","timestamp":"2022-06-12T09:29:59.329Z"}
{"api":"NODE SERVER","label":"Uygulama V1","level":"\u001b[32minfo\u001b[39m","message":"Connected to MongoDB","timestamp":"2022-06-12T09:30:21.433Z"}
{"api":"NODE SERVER","label":"Uygulama V1","level":"\u001b[32minfo\u001b[39m","message":"Connected to MongoDB","timestamp":"2022-06-12T09:30:26.319Z"}
{"api":"NODE SERVER","label":"Uygulama V1","level":"\u001b[32minfo\u001b[39m","message":"Connected to MongoDB","timestamp":"2022-06-12T09:30:34.563Z"}
{"api":"NODE SERVER","label":"Uygulama V1","level":"\u001b[32minfo\u001b[39m","message":"Connected to MongoDB","timestamp":"2022-06-12T09:30:50.282Z"}
{"api":"NODE SERVER","label":"Uygulama V1","level":"\u001b[32minfo\u001b[39m","message":"Connected to MongoDB","timestamp":"2022-06-12T09:30:54.195Z"}
{"api":"NODE SERVER","label":"Uygulama V1","level":"\u001b[32minfo\u001b[39m","message":"Connected to MongoDB","timestamp":"2022-06-12T09:31:09.097Z"}
{"api":"NODE SERVER","label":"Uygulama V1","level":"\u001b[32minfo\u001b[39m","message":"Connected to MongoDB","timestamp":"2022-06-12T09:31:10.806Z"}
{"api":"NODE SERVER","label":"Uygulama V1","level":"\u001b[32minfo\u001b[39m","message":"Connected to MongoDB","timestamp":"2022-06-12T09:31:37.398Z"}
{"api":"NODE SERVER","label":"Uygulama V1","level":"\u001b[32minfo\u001b[39m","message":"Connected to MongoDB","timestamp":"2022-06-12T09:32:03.912Z"}
{"api":"NODE SERVER","label":"Uygulama V1","level":"\u001b[32minfo\u001b[39m","message":"Connected to MongoDB","timestamp":"2022-06-12T09:32:19.285Z"}
{"api":"NODE SERVER","label":"Uygulama V1","level":"\u001b[32minfo\u001b[39m","message":"Connected to MongoDB","timestamp":"2022-06-12T09:32:41.689Z"}
{"api":"NODE SERVER","label":"Uygulama V1","level":"\u001b[32minfo\u001b[39m","message":"Connected to MongoDB","timestamp":"2022-06-12T09:32:47.147Z"}
{"api":"NODE SERVER","label":"Uygulama V1","level":"\u001b[32minfo\u001b[39m","message":"Connected to MongoDB","timestamp":"2022-06-12T09:32:52.103Z"}
{"api":"NODE SERVER","label":"Uygulama V1","level":"\u001b[32minfo\u001b[39m","message":"Connected to MongoDB","timestamp":"2022-06-12T09:32:54.449Z"}
{"api":"NODE SERVER","label":"Uygulama V1","level":"\u001b[32minfo\u001b[39m","message":"IP Adresi : ::1 - PATH :\n     /api/v1/person/uploadCv - BODY : {} -\n     PARAMS : {}  - \n     QUERY : {\"id\":\"62a5a5154931c54e40655338\"} - MIDDLEWARE ACCESS TIME : 1655026393477 - URL :/api/v1/person/uploadCv?id=62a5a5154931c54e40655338\n     ","timestamp":"2022-06-12T09:33:13.477Z"}
{"api":"NODE SERVER","label":"Uygulama V1","level":"\u001b[32minfo\u001b[39m","message":"Connected to MongoDB","timestamp":"2022-06-12T09:43:49.893Z"}
{"api":"NODE SERVER","label":"Uygulama V1","level":"\u001b[32minfo\u001b[39m","message":"Connected to MongoDB","timestamp":"2022-06-12T09:44:15.978Z"}
{"api":"NODE SERVER","label":"Uygulama V1","level":"\u001b[32minfo\u001b[39m","message":"Connected to MongoDB","timestamp":"2022-06-12T09:44:32.010Z"}
{"api":"NODE SERVER","label":"Uygulama V1","level":"\u001b[32minfo\u001b[39m","message":"Connected to MongoDB","timestamp":"2022-06-12T09:44:51.586Z"}
{"api":"NODE SERVER","label":"Uygulama V1","level":"\u001b[32minfo\u001b[39m","message":"Connected to MongoDB","timestamp":"2022-06-12T09:45:18.867Z"}
{"api":"NODE SERVER","label":"Uygulama V1","level":"\u001b[32minfo\u001b[39m","message":"IP Adresi : ::1 - PATH :\n     /api/v1/person/getCompany/62a5a5154931c54e40655338 - BODY : {} -\n     PARAMS : {}  - \n     QUERY : {} - MIDDLEWARE ACCESS TIME : 1655027136942 - URL :/api/v1/person/getCompany/62a5a5154931c54e40655338\n     ","timestamp":"2022-06-12T09:45:36.942Z"}
{"api":"NODE SERVER","label":"Uygulama V1","level":"\u001b[32minfo\u001b[39m","message":"Connected to MongoDB","timestamp":"2022-06-12T09:46:14.994Z"}
{"api":"NODE SERVER","label":"Uygulama V1","level":"\u001b[32minfo\u001b[39m","message":"IP Adresi : ::1 - PATH :\n     /api/v1/person/getCompany/62a5a5154931c54e40655338 - BODY : {} -\n     PARAMS : {}  - \n     QUERY : {} - MIDDLEWARE ACCESS TIME : 1655027177154 - URL :/api/v1/person/getCompany/62a5a5154931c54e40655338\n     ","timestamp":"2022-06-12T09:46:17.154Z"}
{"api":"NODE SERVER","label":"Uygulama V1","level":"\u001b[32minfo\u001b[39m","message":"Connected to MongoDB","timestamp":"2022-06-12T09:46:50.442Z"}
{"api":"NODE SERVER","label":"Uygulama V1","level":"\u001b[32minfo\u001b[39m","message":"Connected to MongoDB","timestamp":"2022-06-12T09:46:57.180Z"}
{"api":"NODE SERVER","label":"Uygulama V1","level":"\u001b[32minfo\u001b[39m","message":"Connected to MongoDB","timestamp":"2022-06-12T09:47:03.599Z"}
{"api":"NODE SERVER","label":"Uygulama V1","level":"\u001b[32minfo\u001b[39m","message":"Connected to MongoDB","timestamp":"2022-06-12T09:47:16.754Z"}
{"api":"NODE SERVER","label":"Uygulama V1","level":"\u001b[32minfo\u001b[39m","message":"Connected to MongoDB","timestamp":"2022-06-12T09:47:50.409Z"}
{"api":"NODE SERVER","label":"Uygulama V1","level":"\u001b[32minfo\u001b[39m","message":"IP Adresi : ::1 - PATH :\n     /api/v1/person/getCompany/62a5a5154931c54e40655338 - BODY : {} -\n     PARAMS : {}  - \n     QUERY : {} - MIDDLEWARE ACCESS TIME : 1655027272097 - URL :/api/v1/person/getCompany/62a5a5154931c54e40655338\n     ","timestamp":"2022-06-12T09:47:52.097Z"}
{"api":"NODE SERVER","label":"Uygulama V1","level":"\u001b[32minfo\u001b[39m","message":"Connected to MongoDB","timestamp":"2022-06-12T09:48:31.484Z"}
{"api":"NODE SERVER","label":"Uygulama V1","level":"\u001b[32minfo\u001b[39m","message":"Connected to MongoDB","timestamp":"2022-06-12T09:48:43.029Z"}
{"api":"NODE SERVER","label":"Uygulama V1","level":"\u001b[32minfo\u001b[39m","message":"IP Adresi : ::1 - PATH :\n     /api/v1/person/getCompany/62a5a5154931c54e40655338 - BODY : {} -\n     PARAMS : {}  - \n     QUERY : {} - MIDDLEWARE ACCESS TIME : 1655027324102 - URL :/api/v1/person/getCompany/62a5a5154931c54e40655338\n     ","timestamp":"2022-06-12T09:48:44.102Z"}
{"api":"NODE SERVER","label":"Uygulama V1","level":"\u001b[32minfo\u001b[39m","message":"Connected to MongoDB","timestamp":"2022-06-12T09:48:54.930Z"}
{"api":"NODE SERVER","label":"Uygulama V1","level":"\u001b[32minfo\u001b[39m","message":"IP Adresi : ::1 - PATH :\n     /api/v1/person/getCompany/62a5a5154931c54e40655338 - BODY : {} -\n     PARAMS : {}  - \n     QUERY : {} - MIDDLEWARE ACCESS TIME : 1655027335514 - URL :/api/v1/person/getCompany/62a5a5154931c54e40655338\n     ","timestamp":"2022-06-12T09:48:55.514Z"}
{"api":"NODE SERVER","label":"Uygulama V1","level":"\u001b[32minfo\u001b[39m","message":"Connected to MongoDB","timestamp":"2022-06-12T09:50:21.447Z"}
{"api":"NODE SERVER","label":"Uygulama V1","level":"\u001b[32minfo\u001b[39m","message":"Connected to MongoDB","timestamp":"2022-06-12T09:50:31.730Z"}
{"api":"NODE SERVER","label":"Uygulama V1","level":"\u001b[32minfo\u001b[39m","message":"Connected to MongoDB","timestamp":"2022-06-12T09:50:50.907Z"}
{"api":"NODE SERVER","label":"Uygulama V1","level":"\u001b[32minfo\u001b[39m","message":"Connected to MongoDB","timestamp":"2022-06-12T09:51:12.028Z"}
{"api":"NODE SERVER","label":"Uygulama V1","level":"\u001b[32minfo\u001b[39m","message":"Connected to MongoDB","timestamp":"2022-06-12T09:51:29.864Z"}
{"api":"NODE SERVER","label":"Uygulama V1","level":"\u001b[32minfo\u001b[39m","message":"Connected to MongoDB","timestamp":"2022-06-12T09:51:34.228Z"}
{"api":"NODE SERVER","label":"Uygulama V1","level":"\u001b[32minfo\u001b[39m","message":"Connected to MongoDB","timestamp":"2022-06-12T09:51:35.057Z"}
{"api":"NODE SERVER","label":"Uygulama V1","level":"\u001b[32minfo\u001b[39m","message":"Connected to MongoDB","timestamp":"2022-06-12T09:52:10.174Z"}
{"api":"NODE SERVER","label":"Uygulama V1","level":"\u001b[32minfo\u001b[39m","message":"IP Adresi : ::1 - PATH :\n     /api/v1/person/getTitle/62a5a5154931c54e40655338 - BODY : {} -\n     PARAMS : {}  - \n     QUERY : {} - MIDDLEWARE ACCESS TIME : 1655027534871 - URL :/api/v1/person/getTitle/62a5a5154931c54e40655338\n     ","timestamp":"2022-06-12T09:52:14.871Z"}
{"api":"NODE SERVER","label":"Uygulama V1","level":"\u001b[32minfo\u001b[39m","message":"Connected to MongoDB","timestamp":"2022-06-12T09:52:22.557Z"}
{"api":"NODE SERVER","label":"Uygulama V1","level":"\u001b[32minfo\u001b[39m","message":"IP Adresi : ::1 - PATH :\n     /api/v1/person/getTitle/62a5a5154931c54e40655338 - BODY : {} -\n     PARAMS : {}  - \n     QUERY : {} - MIDDLEWARE ACCESS TIME : 1655027543129 - URL :/api/v1/person/getTitle/62a5a5154931c54e40655338\n     ","timestamp":"2022-06-12T09:52:23.129Z"}
{"api":"NODE SERVER","label":"Uygulama V1","level":"\u001b[32minfo\u001b[39m","message":"Connected to MongoDB","timestamp":"2022-06-12T09:52:34.734Z"}
{"api":"NODE SERVER","label":"Uygulama V1","level":"\u001b[32minfo\u001b[39m","message":"Connected to MongoDB","timestamp":"2022-06-12T09:52:45.592Z"}
{"api":"NODE SERVER","label":"Uygulama V1","level":"\u001b[32minfo\u001b[39m","message":"Connected to MongoDB","timestamp":"2022-06-12T09:52:58.213Z"}
{"api":"NODE SERVER","label":"Uygulama V1","level":"\u001b[32minfo\u001b[39m","message":"Connected to MongoDB","timestamp":"2022-06-12T09:53:13.382Z"}
{"api":"NODE SERVER","label":"Uygulama V1","level":"\u001b[32minfo\u001b[39m","message":"IP Adresi : ::1 - PATH :\n     /api/v1/person/getTitle/62a5a5154931c54e40655338 - BODY : {} -\n     PARAMS : {}  - \n     QUERY : {} - MIDDLEWARE ACCESS TIME : 1655027594484 - URL :/api/v1/person/getTitle/62a5a5154931c54e40655338\n     ","timestamp":"2022-06-12T09:53:14.484Z"}
{"api":"NODE SERVER","label":"Uygulama V1","level":"\u001b[32minfo\u001b[39m","message":"Connected to MongoDB","timestamp":"2022-06-12T12:21:11.859Z"}
{"api":"NODE SERVER","label":"Uygulama V1","level":"\u001b[32minfo\u001b[39m","message":"Connected to MongoDB","timestamp":"2022-06-12T12:21:43.342Z"}
{"api":"NODE SERVER","label":"Uygulama V1","level":"\u001b[32minfo\u001b[39m","message":"Connected to MongoDB","timestamp":"2022-06-12T12:21:50.859Z"}
{"api":"NODE SERVER","label":"Uygulama V1","level":"\u001b[32minfo\u001b[39m","message":"Connected to MongoDB","timestamp":"2022-06-12T12:22:06.894Z"}
{"api":"NODE SERVER","label":"Uygulama V1","level":"\u001b[32minfo\u001b[39m","message":"Connected to MongoDB","timestamp":"2022-06-12T12:22:43.854Z"}
{"api":"NODE SERVER","label":"Uygulama V1","level":"\u001b[32minfo\u001b[39m","message":"Connected to MongoDB","timestamp":"2022-06-12T12:22:47.998Z"}
{"api":"NODE SERVER","label":"Uygulama V1","level":"\u001b[32minfo\u001b[39m","message":"Connected to MongoDB","timestamp":"2022-06-12T12:22:50.756Z"}
{"api":"NODE SERVER","label":"Uygulama V1","level":"\u001b[32minfo\u001b[39m","message":"Connected to MongoDB","timestamp":"2022-06-12T12:22:53.335Z"}
{"api":"NODE SERVER","label":"Uygulama V1","level":"\u001b[32minfo\u001b[39m","message":"Connected to MongoDB","timestamp":"2022-06-12T12:23:21.518Z"}
{"api":"NODE SERVER","label":"Uygulama V1","level":"\u001b[32minfo\u001b[39m","message":"Connected to MongoDB","timestamp":"2022-06-12T12:23:43.252Z"}
{"api":"NODE SERVER","label":"Uygulama V1","level":"\u001b[32minfo\u001b[39m","message":"IP Adresi : ::1 - PATH :\n     /api/v1/person/getById/62a5a5154931c54e40655338 - BODY : {} -\n     PARAMS : {}  - \n     QUERY : {} - MIDDLEWARE ACCESS TIME : 1655036631190 - URL :/api/v1/person/getById/62a5a5154931c54e40655338\n     ","timestamp":"2022-06-12T12:23:51.190Z"}
{"api":"NODE SERVER","label":"Uygulama V1","level":"\u001b[31merror\u001b[39m","message":"IP Adresi : ::1 - PATH :\n    /getById/62a5a5154931c54e40655338 - BODY : {} -\n    PARAMS : {\"id\":\"62a5a5154931c54e40655338\"}  - \n    QUERY : {} - ERROR  TIME : 1655036631211 - URL :/getById/62a5a5154931c54e40655338 - ERROR MESSAGE : ReferenceError: str is not defined\n    ERROR CALLSTACK : {} - CUSTOM-INFO : undefined\n    ","timestamp":"2022-06-12T12:23:51.211Z"}
{"api":"NODE SERVER","label":"Uygulama V1","level":"\u001b[32minfo\u001b[39m","message":"Connected to MongoDB","timestamp":"2022-06-12T12:24:04.668Z"}
{"api":"NODE SERVER","label":"Uygulama V1","level":"\u001b[32minfo\u001b[39m","message":"IP Adresi : ::1 - PATH :\n     /api/v1/person/getById/62a5a5154931c54e40655338 - BODY : {} -\n     PARAMS : {}  - \n     QUERY : {} - MIDDLEWARE ACCESS TIME : 1655036646813 - URL :/api/v1/person/getById/62a5a5154931c54e40655338\n     ","timestamp":"2022-06-12T12:24:06.813Z"}
{"api":"NODE SERVER","label":"Uygulama V1","level":"\u001b[32minfo\u001b[39m","message":"Connected to MongoDB","timestamp":"2022-06-12T12:24:32.627Z"}
{"api":"NODE SERVER","label":"Uygulama V1","level":"\u001b[32minfo\u001b[39m","message":"IP Adresi : ::1 - PATH :\n     /api/v1/person/getById/62a5a5154931c54e40655338 - BODY : {} -\n     PARAMS : {}  - \n     QUERY : {} - MIDDLEWARE ACCESS TIME : 1655036673733 - URL :/api/v1/person/getById/62a5a5154931c54e40655338\n     ","timestamp":"2022-06-12T12:24:33.733Z"}
{"api":"NODE SERVER","label":"Uygulama V1","level":"\u001b[32minfo\u001b[39m","message":"Connected to MongoDB","timestamp":"2022-06-12T12:24:58.707Z"}
{"api":"NODE SERVER","label":"Uygulama V1","level":"\u001b[32minfo\u001b[39m","message":"Connected to MongoDB","timestamp":"2022-06-12T12:25:08.715Z"}
{"api":"NODE SERVER","label":"Uygulama V1","level":"\u001b[32minfo\u001b[39m","message":"IP Adresi : ::1 - PATH :\n     /api/v1/person/getById/62a5a5154931c54e40655338 - BODY : {} -\n     PARAMS : {}  - \n     QUERY : {} - MIDDLEWARE ACCESS TIME : 1655036709655 - URL :/api/v1/person/getById/62a5a5154931c54e40655338\n     ","timestamp":"2022-06-12T12:25:09.655Z"}
{"api":"NODE SERVER","label":"Uygulama V1","level":"\u001b[32minfo\u001b[39m","message":"Connected to MongoDB","timestamp":"2022-06-12T12:25:57.314Z"}
{"api":"NODE SERVER","label":"Uygulama V1","level":"\u001b[32minfo\u001b[39m","message":"Connected to MongoDB","timestamp":"2022-06-12T12:34:38.575Z"}
{"api":"NODE SERVER","label":"Uygulama V1","level":"\u001b[32minfo\u001b[39m","message":"Connected to MongoDB","timestamp":"2022-06-12T12:35:11.942Z"}
{"api":"NODE SERVER","label":"Uygulama V1","level":"\u001b[32minfo\u001b[39m","message":"IP Adresi : ::1 - PATH :\n     /api/v1/person/all - BODY : {} -\n     PARAMS : {}  - \n     QUERY : {} - MIDDLEWARE ACCESS TIME : 1655037323445 - URL :/api/v1/person/all\n     ","timestamp":"2022-06-12T12:35:23.445Z"}
{"api":"NODE SERVER","label":"Uygulama V1","level":"\u001b[32minfo\u001b[39m","message":"Connected to MongoDB","timestamp":"2022-06-12T12:35:40.578Z"}
{"api":"NODE SERVER","label":"Uygulama V1","level":"\u001b[32minfo\u001b[39m","message":"Connected to MongoDB","timestamp":"2022-06-12T12:36:38.869Z"}
{"api":"NODE SERVER","label":"Uygulama V1","level":"\u001b[32minfo\u001b[39m","message":"Connected to MongoDB","timestamp":"2022-06-12T12:38:04.461Z"}
{"api":"NODE SERVER","label":"Uygulama V1","level":"\u001b[32minfo\u001b[39m","message":"Connected to MongoDB","timestamp":"2022-06-12T12:38:42.603Z"}
{"api":"NODE SERVER","label":"Uygulama V1","level":"\u001b[32minfo\u001b[39m","message":"IP Adresi : ::1 - PATH :\n     /api/v1/person/all - BODY : {} -\n     PARAMS : {}  - \n     QUERY : {} - MIDDLEWARE ACCESS TIME : 1655037533326 - URL :/api/v1/person/all\n     ","timestamp":"2022-06-12T12:38:53.326Z"}
{"api":"NODE SERVER","label":"Uygulama V1","level":"\u001b[32minfo\u001b[39m","message":"Connected to MongoDB","timestamp":"2022-06-12T12:39:06.543Z"}
{"api":"NODE SERVER","label":"Uygulama V1","level":"\u001b[32minfo\u001b[39m","message":"IP Adresi : ::1 - PATH :\n     /api/v1/person/all - BODY : {} -\n     PARAMS : {}  - \n     QUERY : {} - MIDDLEWARE ACCESS TIME : 1655037547153 - URL :/api/v1/person/all\n     ","timestamp":"2022-06-12T12:39:07.153Z"}
{"api":"NODE SERVER","label":"Uygulama V1","level":"\u001b[32minfo\u001b[39m","message":"Connected to MongoDB","timestamp":"2022-06-12T12:39:49.260Z"}
{"api":"NODE SERVER","label":"Uygulama V1","level":"\u001b[32minfo\u001b[39m","message":"IP Adresi : ::1 - PATH :\n     /api/v1/person/all - BODY : {} -\n     PARAMS : {}  - \n     QUERY : {} - MIDDLEWARE ACCESS TIME : 1655037596653 - URL :/api/v1/person/all\n     ","timestamp":"2022-06-12T12:39:56.653Z"}
{"api":"NODE SERVER","label":"Uygulama V1","level":"\u001b[32minfo\u001b[39m","message":"Connected to MongoDB","timestamp":"2022-06-12T12:40:20.337Z"}
{"api":"NODE SERVER","label":"Uygulama V1","level":"\u001b[32minfo\u001b[39m","message":"IP Adresi : ::1 - PATH :\n     /api/v1/person/all - BODY : {} -\n     PARAMS : {}  - \n     QUERY : {} - MIDDLEWARE ACCESS TIME : 1655037621827 - URL :/api/v1/person/all\n     ","timestamp":"2022-06-12T12:40:21.827Z"}
{"api":"NODE SERVER","label":"Uygulama V1","level":"\u001b[32minfo\u001b[39m","message":"Connected to MongoDB","timestamp":"2022-06-12T12:40:45.652Z"}
{"api":"NODE SERVER","label":"Uygulama V1","level":"\u001b[32minfo\u001b[39m","message":"Connected to MongoDB","timestamp":"2022-06-12T12:56:37.085Z"}
{"api":"NODE SERVER","label":"Uygulama V1","level":"\u001b[32minfo\u001b[39m","message":"Connected to MongoDB","timestamp":"2022-06-12T12:57:37.663Z"}
{"api":"NODE SERVER","label":"Uygulama V1","level":"\u001b[32minfo\u001b[39m","message":"Connected to MongoDB","timestamp":"2022-06-12T12:57:42.182Z"}
{"api":"NODE SERVER","label":"Uygulama V1","level":"\u001b[32minfo\u001b[39m","message":"Connected to MongoDB","timestamp":"2022-06-12T12:58:26.537Z"}
{"api":"NODE SERVER","label":"Uygulama V1","level":"\u001b[32minfo\u001b[39m","message":"Connected to MongoDB","timestamp":"2022-06-12T12:58:39.392Z"}
{"api":"NODE SERVER","label":"Uygulama V1","level":"\u001b[32minfo\u001b[39m","message":"Connected to MongoDB","timestamp":"2022-06-12T12:58:49.114Z"}
{"api":"NODE SERVER","label":"Uygulama V1","level":"\u001b[32minfo\u001b[39m","message":"Connected to MongoDB","timestamp":"2022-06-12T12:59:02.143Z"}
{"api":"NODE SERVER","label":"Uygulama V1","level":"\u001b[32minfo\u001b[39m","message":"Connected to MongoDB","timestamp":"2022-06-12T12:59:21.914Z"}
{"api":"NODE SERVER","label":"Uygulama V1","level":"\u001b[32minfo\u001b[39m","message":"Connected to MongoDB","timestamp":"2022-06-12T12:59:34.324Z"}
{"api":"NODE SERVER","label":"Uygulama V1","level":"\u001b[32minfo\u001b[39m","message":"Connected to MongoDB","timestamp":"2022-06-12T13:01:20.174Z"}
{"api":"NODE SERVER","label":"Uygulama V1","level":"\u001b[32minfo\u001b[39m","message":"Connected to MongoDB","timestamp":"2022-06-12T13:01:41.570Z"}
{"api":"NODE SERVER","label":"Uygulama V1","level":"\u001b[32minfo\u001b[39m","message":"Connected to MongoDB","timestamp":"2022-06-12T13:01:43.217Z"}
{"api":"NODE SERVER","label":"Uygulama V1","level":"\u001b[32minfo\u001b[39m","message":"Connected to MongoDB","timestamp":"2022-06-12T13:01:44.529Z"}
{"api":"NODE SERVER","label":"Uygulama V1","level":"\u001b[32minfo\u001b[39m","message":"Connected to MongoDB","timestamp":"2022-06-12T13:01:58.817Z"}
{"api":"NODE SERVER","label":"Uygulama V1","level":"\u001b[32minfo\u001b[39m","message":"Connected to MongoDB","timestamp":"2022-06-12T13:02:08.379Z"}
{"api":"NODE SERVER","label":"Uygulama V1","level":"\u001b[32minfo\u001b[39m","message":"Connected to MongoDB","timestamp":"2022-06-12T13:03:04.463Z"}
{"api":"NODE SERVER","label":"Uygulama V1","level":"\u001b[32minfo\u001b[39m","message":"Connected to MongoDB","timestamp":"2022-06-12T13:03:14.506Z"}
{"api":"NODE SERVER","label":"Uygulama V1","level":"\u001b[32minfo\u001b[39m","message":"IP Adresi : ::1 - PATH :\n     /api/v1/person/listPagination - BODY : {} -\n     PARAMS : {}  - \n     QUERY : {\"perPage\":\"2\",\"page\":\"1\",\"sortBy\":\"name\",\"sortDirection\":\"asc\"} - MIDDLEWARE ACCESS TIME : 1655039002722 - URL :/api/v1/person/listPagination?perPage=2&page=1&sortBy=name&sortDirection=asc\n     ","timestamp":"2022-06-12T13:03:22.722Z"}
{"api":"NODE SERVER","label":"Uygulama V1","level":"\u001b[32minfo\u001b[39m","message":"IP Adresi : ::1 - PATH :\n     /api/v1/person/listPagination - BODY : {} -\n     PARAMS : {}  - \n     QUERY : {\"perPage\":\"2\",\"page\":\"2\",\"sortBy\":\"name\",\"sortDirection\":\"asc\"} - MIDDLEWARE ACCESS TIME : 1655039007633 - URL :/api/v1/person/listPagination?perPage=2&page=2&sortBy=name&sortDirection=asc\n     ","timestamp":"2022-06-12T13:03:27.633Z"}
{"api":"NODE SERVER","label":"Uygulama V1","level":"\u001b[32minfo\u001b[39m","message":"IP Adresi : ::1 - PATH :\n     /api/v1/person/listPagination - BODY : {} -\n     PARAMS : {}  - \n     QUERY : {\"perPage\":\"2\",\"page\":\"3\",\"sortBy\":\"name\",\"sortDirection\":\"asc\"} - MIDDLEWARE ACCESS TIME : 1655039013166 - URL :/api/v1/person/listPagination?perPage=2&page=3&sortBy=name&sortDirection=asc\n     ","timestamp":"2022-06-12T13:03:33.166Z"}
{"api":"NODE SERVER","label":"Uygulama V1","level":"\u001b[32minfo\u001b[39m","message":"IP Adresi : ::1 - PATH :\n     /api/v1/person/listPagination - BODY : {} -\n     PARAMS : {}  - \n     QUERY : {\"perPage\":\"2\",\"page\":\"5\",\"sortBy\":\"name\",\"sortDirection\":\"asc\"} - MIDDLEWARE ACCESS TIME : 1655039015884 - URL :/api/v1/person/listPagination?perPage=2&page=5&sortBy=name&sortDirection=asc\n     ","timestamp":"2022-06-12T13:03:35.884Z"}
{"api":"NODE SERVER","label":"Uygulama V1","level":"\u001b[32minfo\u001b[39m","message":"Connected to MongoDB","timestamp":"2022-06-12T13:04:38.512Z"}
{"api":"NODE SERVER","label":"Uygulama V1","level":"\u001b[32minfo\u001b[39m","message":"Connected to MongoDB","timestamp":"2022-06-12T13:27:20.064Z"}
{"api":"NODE SERVER","label":"Uygulama V1","level":"\u001b[32minfo\u001b[39m","message":"Connected to MongoDB","timestamp":"2022-06-12T13:27:37.139Z"}
{"api":"NODE SERVER","label":"Uygulama V1","level":"\u001b[32minfo\u001b[39m","message":"Connected to MongoDB","timestamp":"2022-06-12T13:28:12.441Z"}
{"api":"NODE SERVER","label":"Uygulama V1","level":"\u001b[32minfo\u001b[39m","message":"Connected to MongoDB","timestamp":"2022-06-12T13:28:25.867Z"}
{"api":"NODE SERVER","label":"Uygulama V1","level":"\u001b[32minfo\u001b[39m","message":"Connected to MongoDB","timestamp":"2022-06-12T13:29:16.288Z"}
{"api":"NODE SERVER","label":"Uygulama V1","level":"\u001b[32minfo\u001b[39m","message":"Connected to MongoDB","timestamp":"2022-06-12T13:29:25.982Z"}
{"api":"NODE SERVER","label":"Uygulama V1","level":"\u001b[32minfo\u001b[39m","message":"Connected to MongoDB","timestamp":"2022-06-12T13:29:30.919Z"}
{"api":"NODE SERVER","label":"Uygulama V1","level":"\u001b[32minfo\u001b[39m","message":"Connected to MongoDB","timestamp":"2022-06-12T13:29:53.543Z"}
{"api":"NODE SERVER","label":"Uygulama V1","level":"\u001b[32minfo\u001b[39m","message":"Connected to MongoDB","timestamp":"2022-06-12T13:30:03.489Z"}
{"api":"NODE SERVER","label":"Uygulama V1","level":"\u001b[32minfo\u001b[39m","message":"Connected to MongoDB","timestamp":"2022-06-12T13:30:12.588Z"}
{"api":"NODE SERVER","label":"Uygulama V1","level":"\u001b[32minfo\u001b[39m","message":"Connected to MongoDB","timestamp":"2022-06-12T13:31:37.113Z"}
{"api":"NODE SERVER","label":"Uygulama V1","level":"\u001b[32minfo\u001b[39m","message":"IP Adresi : ::1 - PATH :\n     /api/v1/person/update/62a5a5154931c54e40655338 - BODY : {\"name\":\"Ahmet\",\"surname\":\"Ufuk\",\"birthDate\":642470400000,\"gender\":\"E\",\"salary\":12000,\"tcNumber\":\"96855374366\",\"email\":\"aasdasweredsrwerewrwrd@mail.com\",\"password\":\"12345678910\",\"country\":\"Turkey\",\"city\":\"Ankara\",\"company\":\"62a4ce3effe609b2b008d316\",\"title\":\"62a4eda45f6c8d6ae6c00c9b\"} -\n     PARAMS : {}  - \n     QUERY : {} - MIDDLEWARE ACCESS TIME : 1655040711789 - URL :/api/v1/person/update/62a5a5154931c54e40655338\n     ","timestamp":"2022-06-12T13:31:51.789Z"}
{"api":"NODE SERVER","label":"Uygulama V1","level":"\u001b[32minfo\u001b[39m","message":"Connected to MongoDB","timestamp":"2022-06-12T13:32:28.202Z"}
{"api":"NODE SERVER","label":"Uygulama V1","level":"\u001b[32minfo\u001b[39m","message":"Connected to MongoDB","timestamp":"2022-06-12T17:53:03.144Z"}
{"api":"NODE SERVER","label":"Uygulama V1","level":"\u001b[32minfo\u001b[39m","message":"Connected to MongoDB","timestamp":"2022-06-12T17:53:28.527Z"}
{"api":"NODE SERVER","label":"Uygulama V1","level":"\u001b[32minfo\u001b[39m","message":"Connected to MongoDB","timestamp":"2022-06-12T17:53:42.378Z"}
{"api":"NODE SERVER","label":"Uygulama V1","level":"\u001b[32minfo\u001b[39m","message":"Connected to MongoDB","timestamp":"2022-06-12T17:54:07.130Z"}
{"api":"NODE SERVER","label":"Uygulama V1","level":"\u001b[32minfo\u001b[39m","message":"Connected to MongoDB","timestamp":"2022-06-12T17:54:23.958Z"}
{"api":"NODE SERVER","label":"Uygulama V1","level":"\u001b[32minfo\u001b[39m","message":"Connected to MongoDB","timestamp":"2022-06-12T17:54:27.850Z"}
{"api":"NODE SERVER","label":"Uygulama V1","level":"\u001b[32minfo\u001b[39m","message":"Connected to MongoDB","timestamp":"2022-06-12T17:54:50.562Z"}
{"api":"NODE SERVER","label":"Uygulama V1","level":"\u001b[32minfo\u001b[39m","message":"Connected to MongoDB","timestamp":"2022-06-12T17:55:00.303Z"}
{"api":"NODE SERVER","label":"Uygulama V1","level":"\u001b[32minfo\u001b[39m","message":"Connected to MongoDB","timestamp":"2022-06-12T17:55:13.090Z"}
{"api":"NODE SERVER","label":"Uygulama V1","level":"\u001b[32minfo\u001b[39m","message":"Connected to MongoDB","timestamp":"2022-06-12T17:55:23.832Z"}
{"api":"NODE SERVER","label":"Uygulama V1","level":"\u001b[32minfo\u001b[39m","message":"Connected to MongoDB","timestamp":"2022-06-12T17:55:33.799Z"}
{"api":"NODE SERVER","label":"Uygulama V1","level":"\u001b[32minfo\u001b[39m","message":"Connected to MongoDB","timestamp":"2022-06-12T17:55:36.602Z"}
{"api":"NODE SERVER","label":"Uygulama V1","level":"\u001b[32minfo\u001b[39m","message":"Connected to MongoDB","timestamp":"2022-06-12T17:55:54.818Z"}
{"api":"NODE SERVER","label":"Uygulama V1","level":"\u001b[32minfo\u001b[39m","message":"IP Adresi : ::1 - PATH :\n     /api/v1/person/deletePersonById - BODY : {\"name\":\"Ahmet\",\"surname\":\"Ufuk\",\"birthDate\":642470400000,\"gender\":\"E\",\"salary\":12000,\"tcNumber\":\"96855374366\",\"email\":\"aasdasweredsrwerewrwrd@mail.com\",\"password\":\"12345678910\",\"country\":\"Turkey\",\"city\":\"Ankara\",\"company\":\"62a4ce3effe609b2b008d316\",\"title\":\"62a4eda45f6c8d6ae6c00c9b\"} -\n     PARAMS : {}  - \n     QUERY : {\"id\":\"62a5a5154931c54e40655338\"} - MIDDLEWARE ACCESS TIME : 1655056596155 - URL :/api/v1/person/deletePersonById?id=62a5a5154931c54e40655338\n     ","timestamp":"2022-06-12T17:56:36.155Z"}
{"api":"NODE SERVER","label":"Uygulama V1","level":"\u001b[32minfo\u001b[39m","message":"Connected to MongoDB","timestamp":"2022-06-12T17:56:51.806Z"}
{"api":"NODE SERVER","label":"Uygulama V1","level":"\u001b[32minfo\u001b[39m","message":"IP Adresi : ::1 - PATH :\n     /api/v1/person/delete - BODY : {\"name\":\"Ahmet\",\"surname\":\"Ufuk\",\"birthDate\":642470400000,\"gender\":\"E\",\"salary\":12000,\"tcNumber\":\"96855374366\",\"email\":\"aasdasweredsrwerewrwrd@mail.com\",\"password\":\"12345678910\",\"country\":\"Turkey\",\"city\":\"Ankara\",\"company\":\"62a4ce3effe609b2b008d316\",\"title\":\"62a4eda45f6c8d6ae6c00c9b\"} -\n     PARAMS : {}  - \n     QUERY : {\"id\":\"62a5a5154931c54e40655338\"} - MIDDLEWARE ACCESS TIME : 1655056621170 - URL :/api/v1/person/delete?id=62a5a5154931c54e40655338\n     ","timestamp":"2022-06-12T17:57:01.171Z"}
{"api":"NODE SERVER","label":"Uygulama V1","level":"\u001b[31merror\u001b[39m","message":"IP Adresi : ::1 - PATH :\n    /delete - BODY : {\"name\":\"Ahmet\",\"surname\":\"Ufuk\",\"birthDate\":642470400000,\"gender\":\"E\",\"salary\":12000,\"tcNumber\":\"96855374366\",\"email\":\"aasdasweredsrwerewrwrd@mail.com\",\"password\":\"12345678910\",\"country\":\"Turkey\",\"city\":\"Ankara\",\"company\":\"62a4ce3effe609b2b008d316\",\"title\":\"62a4eda45f6c8d6ae6c00c9b\"} -\n    PARAMS : {}  - \n    QUERY : {\"id\":\"62a5a5154931c54e40655338\"} - ERROR  TIME : 1655056621182 - URL :/delete?id=62a5a5154931c54e40655338 - ERROR MESSAGE : ReferenceError: findedCompany is not defined\n    ERROR CALLSTACK : {} - CUSTOM-INFO : undefined\n    ","timestamp":"2022-06-12T17:57:01.183Z"}
{"api":"NODE SERVER","label":"Uygulama V1","level":"\u001b[32minfo\u001b[39m","message":"Connected to MongoDB","timestamp":"2022-06-12T17:57:20.802Z"}
{"api":"NODE SERVER","label":"Uygulama V1","level":"\u001b[32minfo\u001b[39m","message":"IP Adresi : ::1 - PATH :\n     /api/v1/person/delete - BODY : {\"name\":\"Ahmet\",\"surname\":\"Ufuk\",\"birthDate\":642470400000,\"gender\":\"E\",\"salary\":12000,\"tcNumber\":\"96855374366\",\"email\":\"aasdasweredsrwerewrwrd@mail.com\",\"password\":\"12345678910\",\"country\":\"Turkey\",\"city\":\"Ankara\",\"company\":\"62a4ce3effe609b2b008d316\",\"title\":\"62a4eda45f6c8d6ae6c00c9b\"} -\n     PARAMS : {}  - \n     QUERY : {\"id\":\"62a5a5154931c54e40655338\"} - MIDDLEWARE ACCESS TIME : 1655056642241 - URL :/api/v1/person/delete?id=62a5a5154931c54e40655338\n     ","timestamp":"2022-06-12T17:57:22.241Z"}
